Case #1: IMPOSSIBLE
Case #2: IMPOSSIBLE
Case #3: 3 4 11 1 2 8 5 10 6 9 14 20 15 7 16 12 18 17 19 13
Case #4: 1 2 3 5 6 4 7 9 8
Case #5: 5 7 11 12 13 6 9 14 15 8 10 3 1 16 2 17 4 18 19 20
Case #6: IMPOSSIBLE
Case #7: 2 1 4 3
Case #8: 1 2 6 7 10 15 16 17 18 3 19 4 5 8 9 11 12 13 14 20
Case #9: 1 2 3 4 5 6 7 8 9 10
Case #10: IMPOSSIBLE
Case #11: IMPOSSIBLE
Case #12: 1 2 3
Case #13: 1 3 2 4 6 7 9 5 10 11 12 8 13 14 15 16 17 18 19 20
Case #14: IMPOSSIBLE
Case #15: 2 8 3 6 1 7 4 5 9 10 12 11 13 14 15
Case #16: 2 1 5 3 4
Case #17: 20 18 15 14 13 12 11 10 9 8 7 1 6 5 4 3 2 16 17 19
Case #18: 1
Case #19: 2 1
Case #20: 1 2 3 4 5
Case #21: 1 2 7 8 9 10 11 12 13 14 15 16 3 17 4 18 5 19 6
Case #22: IMPOSSIBLE
Case #23: 1
Case #24: 1 2 3 4 5 6 7 8 9 10 11 12 13 14 15
Case #25: 1 2 3 4 6 5 7 9 8 10
