4 6 
2 5 
6 7 
65 139 261 
60 115 128 140 171 
22 82 127 157 181 205 
8 24 36 51 66 85 93 109 124 136 151 
11 19 24 30 48 54 60 73 78 83 86 91 97 104 108 113 120 128 138 154 162 170 174 178 184 191 200 209 214 230 239 249 264 270 281 285 
54 113 282 296 
7 14 21 32 35 38 43 54 67 75 82 88 100 109 123 138 140 166 171 176 189 204 219 222 238 244 250 258 266 281 286 293 318 324 330 334 355 360 370 377 396 401 411 417 425 
8 20 24 33 41 57 87 92 105 109 125 131 136 142 149 164 176 191 201 207 210 213 219 226 232 242 247 255 264 267 270 276 288 300 308 311 319 323 327 331 
8 12 15 20 21 23 31 38 43 46 54 59 69 71 75 81 86 91 95 103 110 116 119 125 129 135 143 145 150 151 155 165 171 183 188 192 195 201 210 212 217 220 231 234 237 244 247 256 261 265 271 276 283 284 289 299 300 305 311 318 322 327 332 339 344 351 
8 17 27 32 36 42 46 56 66 79 84 97 122 132 140 150 158 173 179 187 190 197 215 223 242 244 247 255 259 274 307 323 327 331 343 350 364 368 376 386 
8 15 19 25 29 37 53 57 61 70 74 79 83 89 91 97 100 103 110 122 130 136 145 156 167 179 191 195 202 207 220 228 
7 15 24 30 37 46 52 56 66 81 86 98 105 116 120 129 133 139 145 154 156 162 173 197 205 216 226 229 235 244 253 260 276 281 284 290 297 303 307 319 326 330 336 340 346 356 363 381 384 391 
17 30 49 82 99 117 131 173 208 216 231 265 278 301 337 347 368 389 396 402 418 447 
8 12 20 24 38 48 53 60 65 74 84 88 92 96 107 114 120 126 134 137 142 154 160 179 189 199 212 216 224 233 260 274 283 287 
7 10 15 18 21 27 31 36 41 44 48 49 52 55 60 62 65 75 81 82 84 87 90 93 100 104 117 120 126 132 137 143 159 164 170 173 178 181 190 193 199 205 211 217 223 227 232 238 244 248 254 260 262 276 281 283 285 290 293 
16 21 25 30 33 38 45 51 58 64 66 72 76 81 91 97 109 116 125 131 133 138 141 147 152 165 167 172 179 185 189 194 197 204 209 214 217 224 233 236 242 
6 12 21 28 36 44 53 57 62 72 77 80 83 87 91 94 98 101 110 120 128 134 142 147 154 161 168 179 182 185 
28 190 216 259 268 328 
8 16 19 29 34 58 69 79 88 94 109 121 132 144 153 157 179 188 204 222 
9 19 30 40 47 55 62 66 71 76 81 83 87 93 100 104 108 116 120 125 133 139 142 146 156 165 171 176 180 183 190 199 208 213 218 223 232 236 245 252 254 263 269 273 277 283 290 298 310 315 318 325 338 342 349 358 368 372 378 385 396 400 408 
13 42 53 62 78 99 104 109 122 135 153 170 184 204 214 228 235 250 259 271 279 
13 31 54 62 92 117 138 157 164 231 274 282 306 316 
11 23 31 36 47 60 65 82 92 99 103 122 136 138 150 153 159 164 173 178 191 201 208 213 
13 35 47 68 87 114 151 
8 14 19 28 38 43 47 48 57 62 68 71 75 79 85 88 91 99 104 111 115 119 122 127 132 137 141 147 153 164 168 173 184 190 
18 100 112 131 189 202 220 241 285 
7 12 16 18 27 30 41 50 56 60 66 75 80 85 91 96 99 107 112 116 124 127 133 140 147 150 155 172 186 188 201 205 219 229 237 244 249 257 259 267 282 293 299 308 318 324 330 338 348 
7 14 22 36 43 49 58 66 70 87 97 115 123 135 143 152 160 169 178 191 196 207 213 221 227 241 246 
17 24 133 208 263 280 327 356 391 429 
15 56 88 142 155 172 188 201 235 
10 72 95 133 171 187 245 262 286 324 333 
7 11 18 23 28 36 40 49 59 66 69 73 84 89 96 98 112 117 124 135 142 153 160 168 171 178 184 193 195 203 208 215 218 224 228 235 242 249 255 260 265 269 276 285 294 300 
10 12 18 27 35 40 49 66 69 74 80 85 92 105 113 123 132 145 157 161 174 190 208 210 217 225 231 239 254 264 280 291 295 301 304 312 322 325 333 342 351 357 360 372 385 393 396 401 409 429 437 441 446 459 463 
8 15 21 25 29 39 44 47 53 66 71 77 78 81 83 88 96 105 111 115 122 123 127 132 136 139 146 159 162 169 175 179 181 188 193 201 208 213 220 222 227 228 231 239 246 250 254 257 264 270 272 281 287 291 296 300 305 309 314 315 321 328 336 342 343 
15 21 26 29 40 51 60 74 91 111 126 134 147 155 168 188 194 204 211 
43 78 113 156 
16 47 98 159 178 246 275 
16 21 30 34 47 49 57 73 78 91 102 113 138 152 162 175 179 189 197 202 228 231 241 247 259 267 274 283 287 295 302 311 322 331 345 353 367 375 
12 17 23 27 30 38 47 54 59 62 68 74 84 96 102 106 115 118 122 126 140 144 155 166 169 175 182 192 198 204 
14 43 55 112 
16 45 98 166 202 262 277 
10 20 28 30 39 53 57 67 72 77 84 89 96 103 106 113 119 126 142 148 165 171 180 187 
6 21 29 37 41 52 58 71 76 84 91 101 104 114 121 130 142 148 161 166 169 176 185 189 198 205 227 231 252 261 267 273 
8 20 37 46 52 70 74 87 89 96 104 119 130 140 157 165 172 179 198 208 212 216 226 238 245 256 275 281 289 294 303 310 324 327 334 344 
8 12 18 20 29 34 39 41 46 52 54 57 61 70 73 80 84 86 94 97 101 121 126 134 138 139 143 151 155 158 162 169 170 177 179 186 191 192 195 198 202 207 213 217 230 239 244 247 251 255 267 273 280 286 292 294 300 304 309 313 318 324 326 328 333 336 
7 13 19 25 30 34 40 46 61 67 75 79 96 98 107 112 124 127 130 134 143 148 154 171 178 180 193 203 210 225 235 252 261 270 278 283 
11 22 27 34 41 53 59 65 71 77 81 85 104 112 118 126 133 145 152 158 164 168 174 181 189 197 207 213 223 
8 18 25 32 47 53 67 71 90 97 105 116 121 134 141 155 163 176 189 199 205 220 236 240 249 252 264 280 290 300 312 
10 14 20 43 51 53 62 68 71 78 81 87 108 120 124 133 139 144 155 159 167 177 181 
19 32 39 58 97 110 123 151 156 165 173 178 205 221 250 271 282 297 304 318 331 355 385 408 423 435 444 
9 21 27 37 52 69 83 90 100 108 123 128 137 151 155 165 173 194 216 218 224 229 237 241 248 
17 38 46 95 108 125 156 177 194 220 243 294 318 
12 26 45 61 113 122 133 155 172 
9 12 17 22 27 37 39 47 53 57 61 67 70 73 76 79 87 92 99 108 117 124 130 132 138 142 146 150 157 168 177 191 193 199 204 209 216 222 226 227 233 237 244 249 252 253 261 264 268 272 276 281 286 291 296 302 305 309 314 318 323 327 332 336 340 344 349 351 353 356 360 
7 13 24 29 37 43 54 58 62 74 84 90 95 111 114 119 128 131 138 143 151 156 159 168 177 187 
8 12 15 28 31 37 43 56 63 67 72 80 84 88 90 95 103 105 109 126 129 132 135 139 146 152 157 165 173 178 183 188 193 204 212 219 223 229 234 238 248 249 253 255 265 272 278 284 291 297 300 308 
6 9 10 15 22 30 33 38 41 48 51 59 63 67 78 82 90 93 95 99 102 110 114 118 125 130 135 137 140 146 148 152 162 171 177 179 184 193 199 201 207 213 217 219 229 233 237 240 244 250 258 267 270 
7 19 35 40 50 68 78 86 93 109 113 125 129 135 141 153 164 169 177 188 197 202 211 216 224 229 235 247 253 272 278 293 302 312 320 335 345 352 
15 22 51 67 93 112 142 183 201 219 232 265 275 
8 18 23 31 37 50 57 67 87 105 112 117 132 138 155 162 166 174 181 183 193 197 210 213 221 249 268 275 279 
14 63 93 165 187 224 267 
8 14 21 24 29 38 43 50 52 59 64 69 76 82 86 90 97 108 116 128 137 140 146 153 158 163 166 170 173 176 182 188 191 195 199 202 209 214 221 224 229 235 240 257 260 263 266 275 279 284 289 295 307 314 317 322 326 331 337 351 354 359 363 365 367 371 377 381 
9 15 31 38 44 58 62 74 81 88 95 98 103 111 118 137 143 146 154 157 163 171 177 181 187 196 201 208 217 222 229 231 240 246 249 257 
85 243 346 
10 14 40 67 88 112 142 155 
11 15 22 27 33 37 44 50 53 57 67 75 88 91 112 117 128 136 146 152 159 168 174 187 191 204 209 216 222 227 233 239 249 256 264 271 276 283 302 316 
24 46 78 84 96 119 129 150 172 201 235 242 252 257 270 276 283 346 372 
8 16 26 33 42 50 58 69 80 87 95 103 107 119 128 133 137 156 161 167 175 185 198 206 215 224 241 246 250 261 267 271 278 294 310 323 348 360 366 384 388 390 396 401 409 418 428 435 440 
34 48 94 114 155 166 181 207 232 
8 12 23 29 32 36 48 56 65 69 71 80 89 94 103 108 112 115 121 129 131 136 138 146 151 156 160 171 176 182 187 195 197 203 212 218 224 230 233 
17 21 59 101 122 148 177 188 199 204 212 222 246 269 282 300 311 340 361 378 391 410 443 462 491 
9 17 33 44 47 63 77 89 94 114 131 139 152 180 202 212 216 221 245 
121 155 289 334 
10 18 32 47 61 65 78 85 112 124 134 139 165 171 178 
28 51 119 147 179 
8 14 17 28 34 44 52 58 63 69 75 79 86 89 93 96 104 111 123 127 142 148 154 157 161 166 170 172 181 184 194 200 204 216 219 225 230 239 243 255 259 264 271 279 286 293 297 303 312 316 319 327 328 336 342 346 350 353 356 360 369 375 383 390 396 
8 13 17 21 29 36 41 45 52 56 64 70 72 75 80 83 95 97 101 111 114 119 125 138 142 154 156 166 171 174 
11 17 22 39 43 48 52 56 60 64 76 81 93 96 101 107 115 121 124 130 134 140 144 151 157 168 176 184 191 202 205 212 221 225 230 236 242 246 252 267 272 292 295 308 317 324 330 341 344 348 362 
16 32 35 47 56 69 88 105 110 119 133 147 163 180 187 203 215 227 230 264 
8 13 31 51 56 74 98 102 131 147 156 167 191 243 
8 16 20 27 32 35 40 43 49 52 56 61 66 73 81 87 92 99 103 109 112 116 120 125 129 134 141 143 148 154 161 166 170 179 188 195 199 204 208 
10 15 19 27 37 42 52 57 63 68 76 81 87 92 100 103 111 121 135 140 144 149 154 
10 13 17 28 30 35 44 53 58 61 67 72 77 81 83 89 95 104 113 120 125 133 140 147 151 156 161 169 175 178 181 189 194 200 206 213 215 219 224 233 235 242 249 257 267 269 279 282 289 297 301 313 317 323 326 334 341 347 359 363 368 376 385 
21 54 75 98 115 132 138 148 162 186 193 225 249 
12 62 97 176 212 250 282 303 
11 15 17 24 33 39 42 47 51 55 61 67 71 75 82 84 89 94 100 102 107 111 116 122 129 132 135 139 148 150 158 162 166 172 176 181 186 190 193 202 206 209 215 219 222 227 239 241 245 252 255 259 262 266 271 277 281 291 294 297 301 306 310 313 319 326 335 340 345 355 360 363 369 
8 12 23 29 40 45 56 66 73 85 100 107 110 120 125 136 142 148 150 160 169 184 197 204 207 212 217 220 228 234 246 250 260 272 277 280 
9 12 19 25 31 34 43 47 57 67 81 86 91 98 101 103 107 116 128 143 146 156 161 170 181 184 192 199 206 209 213 218 222 225 242 246 252 258 263 271 282 288 298 302 308 322 328 340 348 354 364 369 377 380 395 403 408 416 424 432 
8 11 14 21 26 34 42 49 53 55 61 73 77 81 88 93 103 107 110 116 122 124 133 137 144 148 156 165 171 176 192 197 201 208 213 221 224 231 245 252 258 266 271 
7 11 16 21 25 28 36 42 45 50 57 61 76 81 90 94 99 104 106 114 123 127 130 141 144 148 155 165 180 183 192 194 199 205 213 219 231 234 242 253 262 268 
9 14 23 26 37 47 59 62 70 77 82 85 96 104 108 114 123 126 133 138 147 156 161 173 
20 44 130 141 179 196 245 280 306 337 353 371 
56 75 110 167 183 238 282 
8 13 22 31 33 37 47 55 68 73 90 95 101 107 112 118 122 130 135 148 167 173 178 183 187 196 208 212 221 
57 80 98 104 130 162 202 
9 12 22 27 36 41 52 64 69 77 81 90 99 106 109 117 121 127 132 138 146 159 168 171 177 179 183 193 199 202 207 216 225 228 235 241 246 253 257 265 270 275 278 286 
8 10 14 18 24 27 35 38 43 45 48 51 59 64 68 73 78 82 86 99 101 104 107 111 117 121 130 133 142 146 156 159 166 170 175 180 183 189 191 193 196 200 205 215 221 226 230 238 244 249 251 262 
8 19 42 70 91 103 116 128 136 158 185 194 218 
10 19 31 38 54 56 65 80 88 94 100 120 127 132 146 175 190 
13 16 21 26 27 31 40 43 48 51 55 58 61 63 69 81 91 96 102 106 112 115 122 126 130 139 142 146 150 155 162 171 178 181 183 189 194 198 203 204 207 209 211 
8 12 19 34 42 59 65 71 79 95 100 108 135 150 154 162 166 178 197 210 216 228 234 264 267 272 294 301 309 313 326 
20 41 45 70 88 100 105 114 124 130 151 161 177 183 193 200 206 212 223 240 243 257 262 271 277 282 286 302 312 319 325 333 343 352 362 372 378 402 410 425 432 
6 17 27 43 59 66 83 88 103 110 117 125 131 134 149 155 169 187 203 206 219 229 253 262 
29 66 83 96 119 178 
22 35 43 54 86 91 120 173 192 210 219 246 279 301 320 
10 14 19 24 30 36 38 50 56 64 69 75 79 83 85 91 100 107 113 123 129 134 138 142 150 153 158 165 172 175 178 182 190 194 198 202 207 213 218 223 229 233 242 246 248 259 264 270 276 281 294 302 311 317 324 328 333 339 350 354 
6 8 12 16 18 21 26 36 40 45 50 55 66 69 70 72 78 80 86 89 97 102 107 110 115 131 133 135 137 139 147 153 161 165 169 175 185 192 196 202 203 208 213 217 228 233 236 242 244 251 261 269 275 281 284 286 292 296 303 308 313 315 318 323 332 340 
7 15 23 27 37 44 52 55 72 81 87 93 97 105 125 130 141 149 151 161 185 193 198 205 214 
12 42 51 62 92 99 122 141 163 181 196 212 219 223 231 240 248 264 299 
7 14 17 21 26 29 34 40 42 50 56 62 69 76 81 97 100 112 122 128 131 134 140 143 153 163 171 175 181 186 190 199 206 214 217 219 224 229 240 251 254 259 265 274 281 291 296 303 310 315 323 334 339 345 356 
15 29 37 47 51 57 65 70 81 90 101 106 115 125 132 144 158 182 194 204 223 228 236 246 265 276 281 285 
7 14 18 26 30 34 43 47 48 53 54 57 63 64 68 72 75 80 87 95 98 104 111 116 120 128 132 135 143 150 156 161 167 171 175 178 182 191 201 206 210 216 227 230 233 242 244 250 261 263 273 280 284 287 295 300 303 306 311 317 322 328 334 343 347 353 362 365 369 374 378 381 388 393 400 404 409 414 418 422 
9 12 18 34 37 43 46 57 71 79 92 96 105 114 128 142 155 158 167 177 184 211 231 237 243 254 264 275 283 308 319 
11 38 51 62 81 106 122 132 158 172 181 194 216 233 248 258 269 289 302 309 313 323 337 357 367 385 
6 8 15 18 28 33 37 41 42 48 52 62 68 72 82 85 92 93 103 108 122 126 131 140 143 146 152 157 162 166 170 179 
28 39 78 97 116 128 143 150 166 218 243 255 267 284 299 319 
7 11 17 23 27 30 34 38 50 56 60 68 78 85 90 96 101 112 116 123 130 137 143 149 156 161 165 175 179 185 191 194 202 206 215 
7 22 32 38 57 72 78 85 90 98 103 113 124 131 143 149 153 170 178 188 
11 15 23 27 34 40 57 69 76 84 89 96 111 118 124 140 143 151 161 171 176 182 190 202 
8 15 24 30 33 36 42 50 63 68 80 83 87 91 99 104 110 115 126 129 137 143 147 154 159 169 177 180 185 194 201 205 212 223 226 
22 30 34 58 68 76 82 89 111 135 146 160 167 186 196 205 223 236 243 267 
26 46 109 154 207 234 307 350 
19 27 42 63 76 109 127 132 141 
21 30 43 70 88 115 173 186 205 211 
15 23 28 37 45 57 64 67 79 86 98 114 121 135 145 168 
10 18 20 30 35 51 62 71 80 84 95 104 109 114 124 127 140 153 164 170 180 194 205 210 216 221 228 234 240 244 246 261 267 273 278 285 294 
8 13 16 21 27 38 45 50 55 62 67 71 83 91 101 110 121 133 136 142 147 156 159 166 173 185 190 205 214 228 240 247 253 265 288 293 299 301 306 313 320 326 330 338 
6 14 18 23 28 33 46 50 52 60 62 65 71 78 83 85 88 96 102 110 113 116 117 124 129 131 136 140 150 158 159 163 166 170 176 180 187 192 196 199 
10 14 18 24 32 34 38 42 47 53 62 67 72 77 82 102 107 118 120 126 132 137 141 145 149 156 170 178 185 192 198 201 205 214 221 226 233 239 251 257 263 265 278 283 
7 31 48 64 98 103 123 129 149 
18 27 34 56 64 77 94 101 110 122 131 143 152 159 165 175 184 190 194 220 240 268 280 299 304 312 325 331 352 371 380 
7 12 19 21 22 26 29 35 42 47 51 55 58 65 70 78 84 88 94 97 100 106 109 116 119 120 126 138 143 153 157 166 170 177 183 188 193 194 199 201 206 211 217 221 226 230 232 
9 22 38 53 66 93 102 107 113 135 140 156 166 170 174 182 195 
29 63 93 115 140 166 181 198 206 218 
6 8 12 13 17 22 26 31 34 39 43 50 58 60 68 71 79 87 90 95 101 108 114 117 120 123 129 134 136 142 146 150 155 158 164 170 180 187 195 201 206 210 215 226 231 242 248 251 252 255 
14 35 62 93 103 130 142 154 164 172 177 195 219 224 232 246 
8 16 17 20 28 30 32 43 47 51 57 62 68 71 73 79 88 94 104 111 114 120 123 132 136 143 150 158 161 168 174 179 183 189 192 193 196 201 204 210 215 217 218 220 228 230 235 240 243 251 254 263 
9 31 56 67 89 107 124 
8 13 26 30 39 44 54 71 75 87 96 108 118 128 142 150 156 165 182 203 
14 23 32 40 54 67 87 94 117 127 137 145 154 181 195 200 206 211 219 226 241 247 254 
10 19 24 26 33 37 43 49 55 74 78 94 103 116 119 126 136 143 148 159 168 175 180 185 197 206 209 220 228 234 245 250 255 263 269 289 296 303 311 315 324 329 340 343 349 355 363 369 371 379 388 393 
7 11 12 21 26 29 34 35 37 43 49 59 63 67 70 77 79 82 85 93 100 103 111 114 122 124 127 133 148 153 168 171 174 179 184 188 191 198 203 206 211 221 229 230 231 239 242 248 252 254 260 264 265 270 279 284 286 295 299 304 311 315 320 323 327 332 337 340 350 
14 18 30 43 51 58 63 74 81 90 94 103 111 121 131 138 142 148 153 157 165 170 183 186 190 197 201 208 215 219 223 231 237 251 260 264 272 276 280 283 288 294 299 307 316 325 330 336 340 343 
8 20 40 76 95 114 125 155 175 182 210 245 255 271 293 312 356 381 
9 62 71 116 150 172 199 211 230 247 261 274 295 311 335 
18 43 54 77 94 115 174 
11 18 27 33 36 42 49 53 57 67 74 78 83 89 98 100 103 113 117 121 126 130 135 139 144 152 158 163 173 180 182 194 198 203 212 217 221 226 229 234 
14 27 36 41 69 73 86 102 115 121 149 170 185 192 199 223 231 251 
7 13 16 22 28 36 37 39 45 48 57 60 61 66 68 72 80 81 87 89 92 98 101 107 110 119 123 131 134 139 142 145 151 158 163 166 173 177 182 186 194 198 204 209 218 227 231 235 240 246 255 260 266 271 275 278 284 289 293 295 302 306 314 319 329 338 342 347 352 356 357 
7 34 108 136 176 191 211 223 270 
9 12 16 20 24 25 31 37 39 44 49 52 56 63 64 67 69 73 79 85 91 95 99 102 111 115 118 120 123 129 137 140 147 150 155 164 168 178 183 188 198 203 208 214 220 231 237 242 254 260 265 274 280 283 289 295 302 309 313 320 325 330 332 333 335 
8 32 50 68 95 115 147 160 178 197 213 280 291 
8 10 19 30 35 62 76 81 90 110 116 120 127 137 144 158 172 185 190 194 210 216 241 249 257 266 278 283 292 299 314 330 
8 10 14 25 31 34 43 48 58 59 64 75 80 83 88 94 103 111 115 123 128 131 133 139 151 152 157 163 174 177 181 183 188 190 196 198 199 203 207 211 216 225 230 238 243 247 253 256 259 261 266 267 272 281 287 
6 15 26 30 35 43 52 57 63 69 79 86 93 100 103 106 110 117 121 126 131 134 138 143 146 154 161 167 173 178 184 194 200 207 212 221 223 237 241 247 259 265 268 273 288 299 
14 27 42 48 54 76 86 99 113 131 138 160 171 176 181 
24 50 85 119 160 166 189 216 230 247 
22 47 66 82 89 121 130 158 183 210 231 239 250 259 272 281 286 
8 13 19 24 34 39 47 51 61 66 70 77 83 85 90 94 102 106 110 117 122 130 132 137 146 149 153 154 158 163 170 174 178 182 190 192 197 200 202 211 215 216 219 221 224 229 236 239 244 248 256 264 267 275 282 292 296 300 304 312 314 323 328 330 339 345 348 358 374 378 382 388 398 400 
10 15 21 23 32 40 46 48 54 64 72 75 81 86 94 97 103 109 112 117 122 130 134 138 147 151 158 162 169 176 179 186 194 197 210 222 229 233 244 246 249 261 264 273 280 
9 16 19 28 50 58 66 72 87 93 101 111 121 138 152 165 177 184 200 207 238 252 256 263 266 
6 18 30 46 57 79 101 115 124 129 135 137 142 151 156 167 172 181 189 194 206 211 215 223 
9 15 24 28 34 40 43 50 56 60 66 70 75 80 86 89 96 110 120 125 140 143 149 157 166 173 179 182 187 194 199 206 211 216 223 229 243 251 258 263 278 291 295 309 314 324 332 338 
8 16 21 26 30 42 51 57 63 71 78 80 85 96 111 116 126 134 141 150 156 163 178 182 188 190 201 205 209 215 225 233 244 249 257 264 272 278 280 
12 22 30 36 41 59 64 76 81 85 96 101 110 115 131 138 143 150 157 167 175 180 194 206 216 229 236 250 255 262 268 274 287 297 310 321 330 335 344 356 366 370 
8 12 25 30 34 58 60 64 76 78 85 89 99 108 116 123 130 134 137 142 155 166 173 192 194 200 209 217 221 229 232 235 244 250 253 258 274 279 284 287 293 304 312 314 321 328 335 341 356 360 369 375 380 
7 10 14 20 28 38 42 56 64 67 71 82 95 99 101 109 115 118 123 131 135 141 146 156 164 178 183 188 191 203 206 214 224 
9 20 30 50 64 73 88 97 121 129 144 161 169 173 193 206 216 227 256 265 280 294 310 326 333 
17 35 55 70 84 98 111 135 163 169 181 195 207 220 246 268 282 
6 12 19 25 27 33 53 61 71 77 83 88 91 99 108 116 119 124 127 133 138 142 146 159 171 176 186 196 201 207 210 216 223 229 235 237 248 253 255 259 265 272 280 293 297 306 312 324 327 331 337 349 352 
69 155 214 292 
9 20 33 45 58 66 90 101 110 124 133 142 148 166 170 177 183 204 220 234 244 256 263 270 285 299 313 325 337 351 
22 30 35 50 58 61 70 82 90 101 108 112 122 126 136 141 146 151 160 167 171 179 184 191 202 206 212 223 229 238 244 251 255 
7 20 38 46 60 65 72 81 94 100 104 108 122 130 142 155 162 169 189 198 205 214 220 
10 16 22 25 32 37 43 52 60 63 72 77 82 93 99 105 122 127 133 136 147 150 159 165 170 178 188 191 198 204 212 
7 40 45 72 88 105 120 141 167 182 192 225 239 260 
10 17 26 36 39 46 49 52 61 63 68 71 74 94 103 108 119 130 135 138 144 151 159 167 178 186 196 208 214 220 229 242 249 258 262 275 280 
8 11 24 34 39 48 58 65 69 79 88 96 100 133 142 154 162 183 197 209 214 222 228 236 243 254 259 266 272 291 295 301 308 323 328 340 362 
9 33 40 47 78 84 92 103 107 121 124 133 164 172 181 198 224 234 243 257 280 303 
18 30 50 65 88 103 144 156 172 192 203 220 224 249 268 299 319 327 344 
10 21 41 49 52 56 63 69 79 92 111 120 130 148 169 178 186 194 206 213 231 243 251 267 271 281 286 296 301 312 
7 14 20 23 29 35 39 46 51 55 63 69 74 80 86 102 114 134 140 149 158 171 180 189 197 205 210 216 231 235 253 260 266 274 288 
12 24 35 44 57 61 72 89 96 105 110 123 129 135 144 167 181 193 
11 60 111 166 222 276 
17 38 54 89 112 133 146 155 160 195 
9 16 24 39 47 52 62 67 71 83 89 98 107 117 145 153 158 174 183 195 207 222 245 
8 16 22 24 34 36 41 51 56 59 64 71 75 78 86 93 97 99 100 107 111 116 119 123 129 136 140 146 154 
9 13 16 23 29 40 44 46 52 55 66 73 79 84 85 88 89 92 95 99 104 106 113 115 122 130 134 138 142 148 151 152 158 163 172 184 190 194 198 205 214 217 222 227 231 234 240 242 249 
8 32 39 61 69 82 93 120 130 138 152 167 179 197 218 225 
9 15 21 28 34 37 47 55 59 69 73 83 88 92 96 103 106 114 124 130 134 142 147 153 159 168 173 182 190 
11 76 138 185 266 
8 15 21 26 36 46 52 71 76 86 96 99 110 116 121 130 134 142 145 156 161 167 178 183 196 200 204 208 226 229 241 249 257 261 267 273 
22 37 41 49 64 79 91 107 114 118 122 136 149 161 170 174 182 210 220 225 233 238 
18 23 27 32 38 42 52 61 78 86 89 97 103 109 116 128 133 141 147 156 166 168 194 205 207 222 234 240 261 
6 11 22 32 39 43 46 51 63 68 74 77 81 86 91 100 105 113 118 126 132 146 155 160 172 183 188 198 204 209 216 221 228 232 243 246 256 263 271 277 282 291 297 301 308 314 319 322 325 330 332 339 345 362 364 372 378 
10 23 29 37 43 46 54 61 67 75 82 90 92 107 109 118 130 133 140 147 150 154 157 164 168 181 192 196 204 208 216 224 231 242 255 261 263 267 279 284 294 300 305 317 321 324 329 334 337 344 347 353 359 374 377 
14 19 29 38 45 57 62 70 74 103 110 117 121 128 137 140 144 158 161 171 182 197 207 215 235 240 257 266 272 277 283 291 303 323 328 338 362 370 377 384 
