3
2
5
6
2
4
3
13
20
24
25
23
23
21
11
13
14
20
18
23
22
23
12
23
13
17
19
17
18
24
17
16
13
11
19
16
19
16
13
17
23
20
16
18
23
12
18
17
12
21
17
19
15
13
17
18
17
21
13
23
18
13
21
19
20
13
16
16
21
17
23
13
19
18
20
17
23
12
16
18
17
16
19
17
21
12
13
17
18
22
15
12
12
17
13
12
13
15
21
23
23
14
25
12
15
21
13
15
16
19
17
21
28
23
20
20
25
16
27
17
12
13
19
16
18
17
16
16
18
20
13
20
17
16
15
15
18
19
18
25
18
18
19
25
14
13
22
14
20
13
13
23
15
20
18
17
18
22
19
20
19
11
18
14
21
15
21
14
15
22
22
15
17
11
23
15
22
20
20
21
14
19
15
16
20
23
17
18
19
19
21
12
24
22
20
22
14
21
12
17
