AB 3
PI 2
RP 2
---
OP 4
PO 3
AG 1
---
AB 4
BA 3
BB 1
---
AA 5
BB 5
CC 5
---
AB 1
BC 1
CD 1
---
CI 22
YM 20
CS 19
---
XU 20
LV 16
MF 16
---
CV 19
AA 18
HN 18
---
DR 19
SI 19
UC 19
---
CX 17
EB 17
XB 17
---
QG 16
LL 15
UC 15
---
WF 25
MI 22
ZX 22
---
VQ 22
GS 19
WI 19
---
YG 24
FO 21
PP 21
---
LU 21
GQ 19
KJ 19
---
YG 21
CC 20
KG 20
---
AA 18
CA 18
WY 18
---
BP 24
XX 21
BW 20
---
VN 17
YK 17
PU 16
---
SG 22
BN 21
WH 21
---
MB 21
ME 21
RM 20
---
HG 19
MK 18
PP 18
---
XL 22
GN 20
JC 20
---
NV 22
BQ 21
QZ 19
---
SW 18
CL 17
ZX 16
---
UE 22
GZ 21
RP 21
---
UV 26
VF 25
NC 24
---
HL 19
XY 19
EK 18
---
ZR 21
IK 20
BJ 19
---
MQ 24
HO 22
DG 20
---
QL 17
RL 17
BV 16
---
IA 19
HN 18
GG 17
---
TC 19
NV 18
CU 17
---
HG 16
LT 16
SX 16
---
JC 16
XW 16
YA 16
---
GZ 19
RG 16
VZ 16
---
PO 25
UX 23
RA 22
---
NY 21
AZ 20
EA 20
---
YB 26
AL 21
UD 20
---
VL 24
MP 23
OB 21
---
NW 19
ZS 19
XI 18
---
RB 25
HK 22
ZE 21
---
FP 19
PG 17
CX 15
---
ZY 19
TH 17
UW 17
---
HY 24
YH 24
JS 22
---
PO 22
AJ 21
FK 21
---
KB 21
MV 21
UJ 21
---
AZ 19
IM 17
RA 17
---
LV 20
NL 20
NT 20
---
ZD 22
CM 21
YY 21
---
SN 17
TP 16
CP 15
---
JJ 19
ZB 18
OA 17
---
OE 22
OV 20
KJ 19
---
AG 20
AT 19
CA 17
---
NZ 21
AK 16
TU 16
---
CB 18
EQ 16
FE 16
---
CK 22
RW 20
GU 19
---
EI 17
OS 17
TU 17
---
DY 20
RZ 19
OO 18
---
EX 16
EZ 16
NP 16
---
JZ 23
VJ 20
XJ 19
---
MA 20
PZ 20
EA 19
---
IP 16
YC 16
CJ 15
---
XO 20
CX 18
JP 17
---
MV 18
WC 18
IP 17
---
ZS 24
YC 22
DJ 21
---
GQ 23
PL 21
EL 20
---
KJ 16
RZ 16
AE 15
---
BZ 20
VB 18
VM 18
---
DB 19
KG 19
FF 18
---
KI 20
CN 18
HA 18
---
JB 20
KN 20
NJ 20
---
IL 18
DT 15
KO 15
---
EM 23
GE 22
CY 21
---
TF 20
BO 18
OO 18
---
EG 23
LU 21
TK 21
---
RX 22
DT 21
JC 21
---
NO 21
VJ 18
EE 17
---
IJ 19
PK 19
PY 19
---
AG 21
WB 20
FW 19
---
LQ 20
KK 19
RJ 19
---
HW 21
MN 20
DJ 19
---
EB 19
BF 17
BC 16
---
BL 19
VV 18
RY 17
---
TJ 24
BR 22
GC 22
---
KU 20
IZ 19
VX 19
---
ZL 20
FI 18
NT 18
---
QR 18
BL 16
KG 15
---
RL 23
SZ 23
FY 22
---
SU 26
UX 25
FS 21
---
DT 16
EN 16
SS 16
---
HI 22
JV 21
VT 21
---
NV 21
SX 21
VL 20
---
QF 20
AA 19
IB 19
---
BH 19
TA 19
DY 18
---
RU 23
DY 21
EU 21
---
FW 18
HB 17
SD 17
---
FY 19
MN 19
JU 18
---
GZ 20
TW 20
TD 19
---
GN 21
YG 21
GK 20
---
TT 24
CU 23
CS 22
---
IJ 23
RX 23
FR 21
---
BV 17
TV 17
DP 16
---
FM 23
GP 23
QP 23
---
CJ 21
CK 19
CP 19
---
FR 25
UP 21
YI 21
---
VC 19
II 17
VA 16
---
EJ 23
YN 23
ZJ 22
---
ZB 18
KM 17
VK 16
---
GT 17
OR 15
RY 15
---
IU 20
LP 20
YN 20
---
WG 22
BD 17
KV 17
---
OM 26
EX 23
RK 22
---
VT 25
XP 25
ZR 23
---
AG 20
IC 20
KW 18
---
JQ 17
JW 17
JJ 16
---
OI 18
NT 16
GA 15
---
NN 21
HF 18
ED 17
---
XX 24
OR 23
BU 22
---
PC 23
BI 22
QQ 22
---
KE 21
FX 20
UZ 19
---
JI 20
UN 20
LC 19
---
LF 18
HA 15
RN 15
---
AN 22
KA 19
UL 19
---
FL 23
LO 22
UA 22
---
KT 24
OR 23
XW 23
---
CF 20
HS 18
GU 17
---
NT 17
QW 17
RT 17
---
GE 24
EB 21
ER 21
---
UH 20
DT 18
FA 17
---
IW 20
NL 20
EU 19
---
AM 17
LP 17
ZQ 17
---
LN 20
CM 19
OC 19
---
SY 23
TE 22
YP 22
---
RR 24
QD 22
XD 17
---
FS 17
WA 16
FC 15
---
DJ 22
VB 22
CY 21
---
RU 18
AX 17
CO 17
---
DK 27
DJ 23
GI 23
---
NJ 17
CL 16
ND 16
---
UD 21
VY 21
AP 18
---
GV 20
FS 19
HB 19
---
CO 20
DA 19
HL 19
---
KG 25
JZ 23
AM 21
---
ZB 17
PW 16
QP 16
---
BP 18
QN 16
WC 16
---
WZ 23
RB 22
XS 22
---
AP 21
ZR 19
IM 18
---
FM 24
XI 20
ZC 20
---
ZQ 24
UQ 23
QZ 22
---
ZO 23
LE 22
XD 21
---
VT 20
IQ 19
LV 19
---
DN 26
GM 26
NR 23
---
OR 19
WW 19
JI 18
---
CX 17
NQ 17
UI 17
---
HE 18
IO 18
XS 18
---
YT 20
YF 18
ER 17
---
OQ 22
NF 20
PT 20
---
YV 22
YA 21
FM 20
---
ZJ 23
MR 22
QY 21
---
EA 19
HK 19
KW 19
---
ZW 24
EZ 23
AL 22
---
ZW 20
MZ 19
ON 19
---
GJ 19
IY 18
PE 18
---
UP 19
AV 17
QZ 17
---
HY 19
YI 18
FH 17
---
ED 22
QG 21
MO 19
---
JV 21
BO 20
XN 18
---
JN 21
LN 21
QG 21
---
EH 22
JJ 21
BD 20
---
EX 23
JV 22
OI 21
---
KZ 21
AS 20
PD 20
---
LP 22
YD 22
BD 20
---
NB 25
NZ 24
AO 23
---
JT 18
OH 18
XI 18
---
HS 24
HA 21
IA 21
---
BN 18
TA 18
VB 18
---
YJ 19
AC 18
FI 18
---
TY 21
PZ 20
TA 20
---
QA 17
DI 16
SN 16
---
VH 22
OA 21
AL 20
---
OL 23
AT 22
EB 21
---
LT 22
QL 22
ZX 22
---
BD 21
IE 20
VR 20
---
NC 18
QA 17
OD 16
---
KJ 23
MP 20
HD 19
---
HL 17
TY 16
AT 15
---
RE 18
CI 17
EX 17
---
QF 20
CN 18
AP 17
---
AP 15
CP 15
DA 15
---
OT 23
JZ 20
UT 20
---
RI 21
GE 20
GS 19
---
CI 20
HT 20
BA 19
---
TN 17
VU 17
VY 17
---
HJ 22
HS 22
TP 22
---
HR 22
EB 21
QI 21
---
PK 27
SR 22
AX 21
---
MU 23
IS 22
PC 22
---
KE 20
XT 20
DI 19
---
LY 17
ZR 17
JI 16
---
VF 17
EW 16
QC 16
---
EU 22
JE 22
KS 22
---
HH 21
RZ 21
SE 21
---
