AB 3
PI 2
RP 2
---
OP 4
PO 3
AG 1
---
AB 4
BA 3
BB 1
---
AA 5
BB 5
CC 5
---
AB 1
BC 1
CD 1
---
FN 23
ON 21
DT 20
---
SM 19
XI 19
ZU 19
---
XQ 22
IF 21
TN 21
---
WJ 19
KG 18
LK 16
---
EA 17
GK 17
LL 16
---
VW 22
WT 22
KB 21
---
ET 19
GD 18
JQ 18
---
CL 20
BE 17
EO 17
---
MS 18
CV 16
ES 15
---
VN 21
AB 20
DH 17
---
EA 15
QR 15
WE 15
---
DM 24
VF 23
HM 22
---
MQ 21
NY 21
QN 21
---
NU 21
WL 19
AV 18
---
XN 20
AB 19
NE 19
---
PA 17
CC 16
MK 16
---
YC 22
QS 21
CG 19
---
TO 24
VV 22
TQ 21
---
AI 22
SH 22
HY 20
---
CF 24
SZ 24
FV 22
---
NN 19
HW 16
LO 15
---
ZM 22
YG 21
EK 20
---
EH 21
XA 21
BE 20
---
EP 23
AF 22
EM 22
---
MM 21
TV 20
AX 19
---
UO 20
KE 18
XD 18
---
ZY 22
WZ 19
FT 17
---
DM 20
NO 20
SA 20
---
TM 20
IC 18
BA 17
---
CU 24
OZ 22
YD 22
---
HA 21
AW 19
IO 19
---
IN 21
LU 20
PN 20
---
BW 18
DN 17
PY 16
---
RT 19
LR 18
OK 18
---
JZ 22
RJ 21
YJ 21
---
MI 20
PF 19
HZ 18
---
DK 18
EN 17
HE 16
---
DH 22
OX 21
VE 21
---
GM 22
GE 21
IX 20
---
KN 24
QU 24
XE 22
---
BZ 21
FF 20
RF 20
---
ZV 20
NW 19
XY 19
---
DM 17
KS 17
KC 16
---
MX 18
DQ 16
QK 16
---
XQ 23
AL 20
OT 20
---
UI 20
NS 16
VD 16
---
VR 23
XW 22
EO 19
---
OK 22
IU 21
MF 20
---
DQ 20
BU 19
SD 18
---
NG 21
YZ 21
HY 20
---
BC 19
LX 18
EU 17
---
DF 19
DL 19
NZ 19
---
EU 19
LX 19
PN 18
---
FJ 23
OE 23
GH 22
---
JV 17
NU 16
YU 16
---
CU 24
QT 23
VS 22
---
DJ 26
NH 21
VV 21
---
RN 22
BH 21
DT 20
---
NV 23
OT 22
GG 21
---
JN 25
NE 21
AK 20
---
YT 24
CJ 22
NC 20
---
OL 19
EC 17
EV 17
---
HT 22
GU 19
SK 18
---
DJ 23
HW 22
YB 22
---
AN 17
ER 17
IE 17
---
CS 17
FK 15
HV 15
---
FF 19
RR 19
VW 19
---
LD 20
RS 20
LU 19
---
DT 16
LT 16
IX 15
---
LE 24
KZ 23
UJ 23
---
PV 22
SE 20
AR 19
---
GG 21
KD 21
VN 21
---
CR 21
LU 21
OP 21
---
MA 23
EP 22
XF 22
---
SG 19
GO 17
LW 17
---
LR 22
JL 21
LD 21
---
KR 21
AV 19
CW 19
---
RL 20
DB 19
KK 19
---
HC 16
HW 16
MO 15
---
ZV 25
QU 23
AV 21
---
TP 21
EU 19
NU 19
---
IE 19
VV 18
ET 17
---
TK 22
BB 20
JR 20
---
EF 24
ID 22
JE 22
---
VK 23
XK 22
XM 22
---
GC 20
SJ 20
AA 19
---
OG 19
GR 18
MO 18
---
GF 22
UC 21
XO 21
---
ZF 21
HR 19
RT 19
---
AE 18
OR 18
GO 16
---
UG 21
DV 20
EW 20
---
JR 23
QK 23
JY 21
---
IZ 19
RX 18
TP 18
---
EG 22
HU 20
QK 20
---
BU 25
PK 23
PP 22
---
ZG 23
FO 19
TX 19
---
AO 17
JC 16
BF 15
---
CL 20
GX 20
MF 20
---
HO 17
ZJ 17
CV 16
---
PE 20
RN 20
CH 19
---
HI 17
EB 15
EQ 15
---
EB 20
AU 18
UO 18
---
SZ 21
DB 18
EH 18
---
FV 23
BF 18
DR 17
---
UG 22
NQ 21
BZ 20
---
VZ 19
DZ 18
EV 18
---
AQ 19
CZ 19
OE 19
---
RO 21
BZ 17
GY 17
---
PH 21
LX 20
NX 20
---
QQ 22
GX 21
JC 21
---
BQ 21
AC 20
LD 18
---
JG 26
NN 23
YN 23
---
FI 23
MM 22
CT 21
---
OF 22
SH 22
DD 21
---
ZZ 21
DL 20
MP 19
---
PG 21
AQ 17
CZ 17
---
BS 19
AF 17
JR 17
---
GG 24
FP 22
LB 21
---
PK 23
XP 20
FX 19
---
RW 22
WX 21
HD 20
---
XS 23
FN 22
HI 21
---
RO 22
CR 21
KH 21
---
SV 23
NM 22
RK 22
---
WZ 19
UH 18
DJ 17
---
AX 22
NC 22
RB 22
---
SW 17
XD 17
XU 17
---
YA 18
SZ 16
YE 16
---
BI 21
NY 21
VO 21
---
BE 20
GR 18
SW 17
---
SH 24
UC 24
FO 22
---
HP 18
EM 16
WE 16
---
IK 16
NS 16
SH 16
---
VW 22
NG 19
UV 19
---
GS 20
MO 20
AJ 19
---
FZ 18
DJ 17
PK 17
---
AZ 23
DF 19
OD 19
---
OX 21
KG 19
KL 18
---
HS 18
VD 18
CH 17
---
LH 21
AN 19
CG 19
---
NC 25
GX 21
LJ 20
---
AJ 19
QC 17
DF 16
---
DD 22
DR 22
KW 21
---
XA 22
ZK 20
AT 19
---
BK 18
FQ 18
YI 18
---
TH 21
HU 20
SS 19
---
XM 22
MZ 20
BU 19
---
XX 22
MP 20
FA 19
---
FD 17
LH 16
FP 15
---
DH 24
FF 21
JO 20
---
OG 17
BA 16
IW 16
---
PQ 17
DV 16
AZ 15
---
MN 26
FO 25
RQ 23
---
DL 20
CO 19
RC 19
---
PX 20
KT 19
MV 19
---
RB 22
BZ 21
HP 21
---
RF 20
SF 18
TC 18
---
UR 20
WX 20
CK 19
---
DG 18
GF 17
SX 17
---
HF 18
VG 17
MM 16
---
IJ 18
WP 18
CG 17
---
MF 18
CQ 16
VP 16
---
BN 23
YZ 21
FS 20
---
MQ 19
WN 19
EE 17
---
AZ 20
ES 19
HZ 19
---
JC 17
QB 17
HT 16
---
JA 19
PC 18
IO 17
---
XG 18
UX 17
GM 16
---
ZH 18
EI 17
LC 17
---
EG 21
DC 20
HJ 20
---
GH 19
WN 19
ZF 19
---
SS 24
KC 22
AK 20
---
FA 20
NN 20
GR 18
---
IY 21
AB 20
RX 20
---
IT 18
LP 18
MC 18
---
GX 20
CY 19
TM 19
---
SR 19
GJ 18
JG 18
---
ES 22
CG 17
YW 17
---
TH 23
CN 21
HZ 21
---
LJ 22
CZ 21
FB 20
---
DK 21
UJ 20
BU 19
---
PY 23
NX 22
GQ 21
---
YK 23
IV 20
VE 19
---
AK 19
DW 18
LN 18
---
FW 21
PI 21
IC 20
---
HV 19
JJ 19
YA 18
---
AE 17
DZ 17
GC 17
---
BN 19
CF 18
DB 18
---
YZ 15
ER 14
FW 14
---
UT 22
CI 21
GJ 21
---
GG 17
OW 17
RW 16
---
UO 20
NQ 18
OU 18
---
OK 24
YW 22
ID 21
---
MM 22
IP 21
LN 21
---
TJ 21
KS 20
AW 19
---
VH 24
IP 22
NL 20
---
ZB 24
VZ 23
EJ 22
---
IN 27
AG 22
NI 22
---
AO 24
RL 22
BR 19
---
KE 20
RR 20
VW 18
---
TT 18
VO 17
IG 16
---
