1abc23
PROGcomp
abcdef
abcde
r?d'F>,/T=E_<]G9sZh8eqCD+p5@2I6fl{`\aPW3xJ.S0t&b:XQ*goA$O1|mz~w(VukU)B-#[yvKM4jnH^!7cYiLNR;
YoqRG4cNby?`6)M8j.Vxl]&5C7m*1/(Kvn^a~$Xs2@e"gQAfB<,=DHp;\'3!Wrdh%LwE:U0JkzPOtS+u|#[F_9i}TZ->
]ep7`\xg4_Cc9-OEZ*K<mV%5:oj6P.f#+l,a}L^i=hb"Yd[wDskyMBS?3rJIW;Tv@!t'2R8Q1GX~H/{$N|F&zUAn)q(>u
jH6[~hl"@;S$o+n8>,}1a{-%U9c.\'y<3)KE&7FD*r5x2^|RJP:eL=/OuBzXkqg#mvYT]fiMwd?_Z4G0IWsNV`tA(bpC
|WUn6lfkVg}?x*q0BX>JSZb(d=_FQrsL]E4t.jm{;8$DPcThp\A3Nz:I/^G7aOw+@`o1M~!KC-vY2,'<u"9R5[eiy%#
5M_d9VS:+<\Yl8`~2@"sBGy-J>XPQ%wn*,Ir'OgLqu?Wt[Z6RcKEjT;N!.fzF]Dbh7Ak/(4{&|1H)e=maCU0i}3$p^v#ox
Sp(eQG&CdBaZ9um6T8N>yrb=.nR<M;4tOs%lxi'P_?qHk|0jzEJD52[,{wVv!:@\IW}F7A"Yh)*$L3`Uc1-XK#/o~f^g]
QTnf'=H~hvV(pasL|tc10,*b`5gEI@k?^iN]+6:RoGK.xU-$7)X;\D}Fz&8S_r4#Y3q%WO[d9C2l>/Py{!jAw<mJMuZ"
OjzLF$ePCN.mGntc8u`gR1Y;%]&TUZ#Df"*(XaE'Vl-:9rdy3Ak_~s?@6+0o{\b7H4MKB2}^!xQ=>|I)JSi[<5qhv,wp/W
A)~V]o(G%lY&r{:sPczvBxDZ`T^\h/QkIOyjK>,b5Rw[7$gqC}|H"L.9i1t6!42#0pNme*S8d+U<@WX=uaM?nFfE;'-3J
d>_teS;|Oq.3znU@iaY"VKfTG0=m`h{R][j)W(8ylkr/5Mx1gFC*^EDXI~+!'?p&<H,v-4}oQAws%7BJL\Z$P6#:ubcN29
,PG5+:N)3koJ[dAi6MX1m@%'_H`p7RC~uL-UjxF4chZ=2I;9es#rS."Ww*g\OTbQv{z<0>nYDqK8/lB^](a!|y?$ft}V
%z-nN*`$;rs{i"j)~'_/Rg}l3@Y[9WHL^aoJ?e8hdQP06<c(fSZ\vyTKEx=5Dkwp!CMm.U71|qtIF>XV+4]2u&OBb#GA:,
#!qHlAn,F|U+}tN>.a9o:L{v(BK`S"zu'<J1~5Th*%72MrV/;j\Q@ZsdR6GCYWPcyf-g)De?$3[]Im^wiEk4=0_OxX8&p
Og0tpVTr&1=jzXD*3PCu:@HN6s2a+WR_'v?{hU/(eow)8i95LQMn`$%Yd4>\.l-kfc~]K,G[F#|yEJxIB"Z}^q<!;AbSm7
0',b)4IC+mE\#"VZe<cB^yAUJjKw!P=%uao?>(9f8@dsFLhY`SX_6[NDit31r{;x.]lWM-qkRHG$}zQ/:*57O&~Tn2v
M5O@)zAF-Zrad|y2IJ&]0pH6C_xtKVc"4*Nj~/#8ikYw^3ThuRDB$+s`mlf:E9(,}1G{SPonb.=';>vQ7eg%W[U<Xq?L!\
Lz/qrl6:%x~JFGo<s>!\wp'WB3#jN(*c|2k,?-C8S&UAZ91I"bX4K$T.E)uPf[RVe}t0]Dg^7`YhmH_i;ny{=d+5@aOQMv
=_,^Y?KI829P~R5[d|+G!)LWt%V$O"l].bZ<TkF*:\'w-SfHj7mh4cexEBnv/{y6XNaMspU#z1&JuQ(`rq0AoD}g;@3i>C
!M2"z4LXm)q7(thVy;>.#v+=N9B?U}Qnxjl'H8fbpI6o`]D-Ke,kTrJ|Wu*3/YG[~iS%g\_R&wd0OcZFaA<1P@^C${5E:
(-Zqb=>!"?'\FpR}HY#^%WQ8[{Pm9]jnJ6eyf.NK@uDXloBiI|kxC02hwd:O,EGs1z/VMc$*T3S`)L;_&<rag~5vUAt4+7
:3-v|C8F5R}VS94t6?'H][#\k<mnqoAPE!wy=B`%O$s@(JM07~;l2jWf>c.^"rgbux,XY+GpaZ{1/zUdeTihKQ&NI)*
,'3^+1`lr2MC~Z9;pn7(Ai/toDj&U!{8BW<?$a*dTkh:f65}qwg[KmY%S>zXx=c0FO-G_u\N]sV4IeJbR|EQP@yHvL"
7X=i8&-cgqA(B0uER/ZK`_.[w\rs5SN#@m2YC{}%x>JV3)'GDy9"T1f;~a4:t^MkvUI|?bH*LP]lO,$hnQF<jeWz+do6!
HgWVe\?3):hsvo.!Y,]lp'%i&{O<_*9=/CEwRtxSUIn(08JA2Q}`XNf"d1;Fq#B>ZKmL+r6^[45|ujc-MkPGT~za@b$yD
.SU<3s`Nk"HW}8qG'rA?ZzDbeBxThLXyow/u+fCKm(,a;)5Oti47$M@%~jvp>2]V_^[Y6-!#RPcg:E*\&FnlQ0{I|91
>7z}Yft%Fs,DJ6e<;K`r!{w]Bb)A|*@4Np(-X0d_acvmEqyuh^G9Pn"+Q8~.i?MZ[V=gj&OL1UH3':5RWT2Ix#o\k/Cl
)HY2KrI3o$,USaG4e[9/mk*`]0ibg@?.=^Nu<lc~MvhV:xF!{TywpZ-B#z\7X;'&8Pn>s}jDtW+Oq(A%E|RL1_QfdJ5
cNr@kZI&E<T63QUODRm^"F+e$G2HCb!KBM#=i4|tvaVu:l5~/W_A(J*h]7ow?Lgf%,nyp.'9P1sz-){;8Sd`Yjxq}\>0X[
~]%Tk9n>8;4:uMVmrRCyqz)o*,s2/I6?_}XQb$U3cvg-EF<0{|7G.PWKid5(@DS`=H"wjOxN1^fhLp&\t'lY+!ABJaZ[
(4MjDG:&Jz*Wu"S[,Q~.hw9tHNTP\;$Bn{Z8F3O_c)/1d]v}X0r6qoyf-5<b=K%lmRe`^?!kC7@pAVEL|2>+#gUaIi'sYx
YjCNs7]evGbZ"fL/-<U4~ch}k;%JFBX^Qg1=o3(P8Sl>_,{M:#5K6OpwdIy9*x?tEi@|H[$n0u'm2`aR&AWz.VT!+q\r
I}Uy%Rv|.Sg)GJLt;&e+B\-8z'O6s7Cq[XNbchAT:x3@?=ZKd#`m1Wp9iDF0u{Q"PE_!Y(H>]j~lo<k,5Va4nw/2Mf^$r*
Z]P4SwaK'mi7O@"u$z}r|.=?LyA~F5V\2{p%dG>0)&;xgJvI+chYHT^,-e`9qQ_6[:XMn*/bC13Dk!t<RsljfN(EB8U#o
`kFgar5YUZ2N)3I@%pelf8y(,'uQ\?H7Mt=0sz-_9DX/A[WO#$LJ{c1CjKGR]oi;^V*<B:+"d6.S&~vwqb|x}n4EPTm>h!
uY1@}(<%G~XPQyF$-:d^TM'_4l6z|Cj?5L{DhWq2pSmgaAUO+fIv>;c`\obs3"r/J0=i8x!]k&[Et#n),w9ZH.VB7KNRe*
`xIV(+]lAGN~Y%,51R!{Dd0Wt'OJ.FebmwST?&s<L#>C=X-H_Pn94M)a3[igjpzEZ@|o}8:vhqc"fB/*$^62U7;kKuQ\
H",DwP;m=/.YyB:MK[sk{&I1$xi+)VrzWjh@7n3U}`>fv?0Q-RqC'ZEplT(|to\ce#L8N%d465XA^g9J_u~ba*S<F2!OG]
Us"(G-0j]Icwu[gtLMavqik`|PS6WxoZ{9<Qf/23J~FTV@.#+p&Dl)yhN\47A!nezE_:1Y5,$?}'K;=C8HBrRdb^mX*>
qi>?D5u0lzS1Fd^b/f}aBQ"V`Cg63Nx[r{.jP_hR%4Y|X2cv;npE)t,AZ!oJH(#~Le<w*I9W\Om$@&K-Ms8+U]Tyk'=7:
,{YC@B>6UQK^|}%G(#Zdw9;y0oPx~AIaNjW$/uTze'.=th\DLbV*1FsnrO?k&Hvi-+!`"gXf)J2mM8]:E7pq_cS[5l<34
5]o&2eFVCk~YQ7n!q9'v,sW"GO{>i4<Xtc=U%ba8(wS_)xMEj*lDB|`J.:zTf#;K?gr0N@my}/du6H+Z[P^\Aph-1$R3IL
pG'%=kRsC^ca}|m!1:nKOMAD$3[4ioXJ>F*Q+5e08]"SyvZxqU{h,`;WI#d6.\Tt2BLbY9u)~Pzfrlw/&@jE<-(V_gN
`|g(\$/#4{]ZR*tVYUyNE_-!9S0Lc6&asr[nzK+iGf7DX)'pA3F,C5.<%=Qmd}:~T28MP>uloWh@Ive?Hb^"qOx1k;JwBj
D3+a>bxUOuvC'_\(EShf.FAY7L,dG;g/`e1*n9<2#4mr-P^oy$BcXMH?=]N|W&wJK!}l0)"Q@tikTjqp:Z~z%R56{V[s8I
S"C.Edg~Yok^/&mphWNT$*LB-5!9V<#aDJ|s1i)XAK}:=0c`e4rz%\Oul+y;'2qjFIQR{3Pwnx8>MvH[Ub(Z76G,f@]_?t
"i*~_hDR#QM=W1t>KzOnm?;L!pTZ+:EcsY)fol8u-Ax5y@,%rbg$JFeSqB|[0I`H34}<Gvda7^']j/k6&9wU.PN\(CX
qaHu^%rk9J(V/TMy![<+z:E7B8C?W`m#Onc-"pDheQt,5{);L34Pl.X6R$>o\GUYK@ifSb~j}NsFI]021Av&wgx|*_'=Z
?MnhLQxdc~[#'b1`*C|$4&,;]:=Jf7u}DaZgyU(R{OGEIrAsX<k395tF>\)6.P^oBjez+i-v/!q_p8w@Sl0T"YNWVKm
MaTn8H+o_CqN/LeKp=9E$GgBd&1|>r5R4,7Sj;Fck-6{hDQs(:m3W%!#'<I~OtA}V\0lZzX2Pv@x*f)].?`"Jbu[ywYUi^
J`/-|?2#rG"{Z[vy5WP)^AVeI83<_fX!6@xCQEL(+MtahHkg1'z},cTK7m4buY9qDplBn*>.w%Fis&OSN]:~;jU=$R0do\
"<'L:Dz(b>5j;G$#fR*1T2Hi!`EKMB9C}O7?~l]Amu{d)wZPV.|vF=qoasYt%WxrkUy6[IeN8h&4-@^/nX\0J3Sg,Qpc
\}{vKwfhBqCH>QFVk9$TYbmcDXP;g'jlNs]_E!Up[I?/i3L0"dJ6@~t(:R5^OoaZW)eM,yz|u1*#n&.x`GrA472+S%=8<-
Q*h6-17OvN.?|}b;E0aPwJIg3FCS8/ilxkcmd'T$%RoB!r){fH",n[2AX&D`~>^yt_#(U]u5@MYspq9\GjzK=WV<4+e
]x:i8dYb"0$M_<@UOCmG;l2B`APfw,F~J/cRnS{}=6u(?-gWE')z*pqa9yL&[Q%rj#+7\Nh4vXH>KsVkID5o1TtZ.|3e^!
[Q\;!~t{J*A7fbCX0so6$ux,}K_-SElFr"T|?chz9O%^BvV:`kmId5q&>=3e8@p]1g#Ra<D4'HMwyiGLUYW.n2Z/(jP+
dy{n;lL6rZ?w_$<)R`X,]*M1+:!=OJf7SCj%|D3W.ahK/i0G~u[TQs&5Bvez(^NI@A\PqU8'c#b>t"o9pVxE4g2}-YFHkm
%4!.t6N@X-WO1vP0d_FomH[^$l(r&#Ez)h}?3i8jk`VR2Qp5c]ybSAJnYs~eM9LK{DZ*wg+Ga:IC<Tq=uf\x/B';U,7
G(vKw`[s#H:M1tab8'"Lp,-xgCn*}\klU?6VJy5{WITczOD)ef9_i~.7u@do=<4h&r|3>j!ZSEm2Q+0F/Y;]APq%BNX$R^
B:$e~[)!D*{<'1CFjYGg;p#Ta5}M=_yRdJ&\0+Akw-,lLr?tUhv.6q|ZPiuc3XK@>`8]SHsmfI7"b4W2V/n9O^E(%zNoQ
SV7$)tH%FoX\a?eNK#@{gmTI(,>"![3;yzfxv8c}wY^D*0rnPuBp`9MJ6b|]&RWk~Q=:UELq1d+li2j5<'ACO_s4/.Gh
F{x4f5D#gwjQM31apu:OZ=\$'_I,-?[kJ@*^"0YRs]r!7n/vozNEmiUG}X+<9`|qtyl.>Th2PB(A%&Ceb;WLHd~6)SV8
gIOKJ]xhRTc@PB+:)k/#Zm}L$N>?[=d_SlU9t\r3Q1Mqe4-|08b^sA`5w*i%~CE,Hna{y<.6&vYz"7;D2FGXW(jV!fu
0?9^(vI6wqYSbDZ}8#O>XJ$ud*f!<&P;A:N5@HW\4]/|VEyahl_pjz[1K=R%B,cLn-{g.`U7k"'eiQmCr2Ts~x)+GoM3
3j(QXJ"kD8N5M;h_Oy:C+~q%'B^.a4=EHrz>v1,]0!FwS\/fIb#opV}2ARienY*<g`x6-&T[U9md?c7@{W$utGlLP|s)ZK
#G",Nbv?JQ=u')K0jW@_gO-FRlLySCDYfowa&1iMZrz$H%|+x4dk]T>Um:\V2`6n}(B*^87q;A3Ie5</p.[XcP~9{hEt!
X'&^-wG_Rd;`L$:@fTKPp4vx6=}0U([?)D<eCIVJ{ogZl9+HBb.Er!sM27FNu~iO\zmj>/ncQ%51AhS|Y3tqWy#,a"]8
8"$5)2:<jF%WZy+h\SktE=H|RLGd0-O[e`^(>Y#{T}V~.vK3/BUxwQXbmgPiC76;qA?ncl9Df1oz]'IJ*Nrs!,_Mup4
c13iWa6eZvNXD+Us,{mK.JV~O'nSzE|g;jF_&%ry2)!qtlux58bI#T0\fd=$Yo?p}/h`ML*(kQw-CH<GRP94[]>@BA7:
}3Jk"Bp#o*5!(wR-KZu~>HV4=;\/8PeS)cs0'z^_6AGL@gt<2|Tjrmd`Xal,I]N7nF&9yiUEb$MODW:1x%fQ?q.h{YvC+
TO~=dph|owem*By{s8Ra%Q\7v}]tN"KGCM`(,k2Z'UWA_x;-F<j!0nX1z3qr)54?[:@Pui#f&g+LHI6>/9J^E$bcSVDl.Y
|CZ@'W<?Npj>12DrLKyvgQx=Rtn4AF{bO3E:hP!Xz\9Hwle_io&mS)7s$]fBV/q`8^06c[.-kU(T#"GY,}J+;ad*I5uM%
%;_Cy?T`nUp*5~<EF=L'@d{g,akRzXYb]1IS8W"O3(tH^i4eM+/wZGsVc9q$j7.l>#B2[v:m})fAN-&PQh\u6JDKo!0r
J]v6s:xnW%=lQ'5/Ii3a1hS9d^yV>,C-;_0T[j#<tP7F\?(Y{Lb8*)+UgcmZ!`XpKu}BDko|&E~wzqNe4$HM@.fGr2A
:LxP<vD~`y%Z,m7g^V1>}?#p4);zwEf]Wh'cIB8(\$a_GJ&OX!l{d"NoiS-0r*A.ntTU@YQ5qFk+ub3HM2sK9Cje/|R[6=
{.Q}zBP:+X&av-AKbM<f7y@oFOW>(=,5]\nh|4H8s29ZDgVILG#t1E3`~[pk0^uwiR'm;l?$"!er)qU_%j*dJ6NCY/S
;,'-#^l\wDA%ISX@P9qt60`_~bnMYO]reE*v3c+zF(a1T{7d/i=B:yo$4C)28LsNxjZphm[|J"?<fuQHWKGVkU&5>R.g!}
LR5UHXd_DF-m#h&KT86zo4qv@l91IA}a2e?nwiG'Yk.P]Nxsj%<~0Q(C=)r|Z7JuObEt/MS+>f:3^;pg"c$,{W\[`*V!y
[}:!~5]#gq/Ee4H`^MjBut0D+nL<_wpia"=l\G2;@8.{7ZCTK9bX-Ssm>PQW'r&OJRfoyIx|3h*F),?Vdz1kAv%N$Y(6
MQn2,l;CAV<%w0Z/#)e>^\]K[5~Yh*u8SUP3=}b_jTk(`gvWDsJ|ERX@B$'&Li?6a:{cFN.m+"oHfzxt7OqpIr-4dG!
?Yg#0WM2mXHGT{/q)'cs3}1uEJte&$_>r^PADFOQ*KaC96I+pU-jk]\7|fvS@5.x4<wN"=:[nh(8L;lyzB~ViRboZ,`
%;kf]DVRl=W0GScEd@^~-g#}jv"bYtKyiq.,>H*Jn9\A2emaMw4NruUQ'x&p5`?Iz{LZ|TB(h:$o_C/1<!6OsX)[87F+3P
FhS}n$a>6VT;J32oRfO!w+^,7G5sE=~ujW.kqc`d#DH<*\]&xKB)U?/4Q(9m'C"%ytprlPYM:NvL{b[ZiAz_1-e@80I|Xg
jd"gp%63V;ix}/2',`yn)UA~I5SJ<Fkf(P9OX4ZB]athmcGlMKb|q=RW&D$>1\+EwLvNQY#_*[Cs@!u:HTr.z?e-7{^o80
I'8(sPFr}vQUXy&_h75CN6t/wLR.b9\o|<1HW%2x?g`i>EZ4)Gap$Tdz]ufMV!-K@Sq^"l[YAD0*+3em=k{;j#nB,OcJ~
yHn#]7lj2<'m^P4qebw}{:ZCsYo?$@!VE(MOc|)5Gt`WT,\RI0K=Qz[agNdJ;U%&xk98+~BFv3Xu/-Arpi"L1D6_>*hf
Cce4|yr]9U_8/v\s$pObQdqZx`3g-#L}M2![5iBoWw%VaJ>jnk;.N6Rh+,FPG="TmD<07K1?YXH')Iz{l*&(@:SAf^u
\a9k.RN3p,i8:KV%jCq}sw0*#?z7hLvf4bPY+ymUDJT"^B`~_FE&5(An-!<gr1McId]';=St>[WX/HQ{G@ue6$x)Zl|o
wFpbE'(`HWv=f0T7L-e4d)8B!3Mo"<*|,G~Y/]N\j2XyA+s;5&la>1.O_:VIhDQ{r9P$KSUi?cgtR}Cq^#umZz[x%kJ6n@
Yti9Wra}yU7o2k,|IO`~lp<P180[Zzv\)G#5]DH{TQ&BVwbR%Lq>/?_xjdfNA(ESs'nC$+gc^*u=.hmF!M-@X6J3e4K;
IDZ=qtn1)z}M*"Uy8V(m>;CYeBb+|l/r7#32O9Hx%~gu\W,Ps0QXjwd5Jf]Li_`N:&oR-4aAE.v@kcFS$T?{'p[^G<!
}6%'A(a~8_QkxRoP=ji"4JTYeHL{D)&UZuy$.n3q`bB#Cv9@zm?X+s;r0>FWdl*ftc^|N5OVS]M<\27pI/!KhE-1Gg[,w
5&I<x+'}.w^C){ZQRj>PvAFLqcVX]g-T/|#p`%91i"b\UEmB=2Y3k,dO6s@_4rne:Wo7JHa[S$DyM~?(Gz0tf8h;Nul
w;vpcnYzEDMs)3>9XCWl(i8O6^$K_AHu&x`Iq0a/%ygQ7@~T5\!m<b14UNV2]'ZroFL[?"}kh-:,+#{*BfeRd=GP.JjS|t
~2caG)Tf$w+rvjt503d68m{OUk`KIpe<;%,V#AQ:Z^]}Nqxhlb*(!Wz>no'CXJ@[BMyPuSsR=\L-|&EY1FD./"Hi_?94g7
TSP%<'Mu0,/@kr+{^6BC[-q8AoO5Rc&WaLGZf(I_E`:XVD$j*;7g2ts=zwmHN#\}.Q!pi3)yYJFKdb9~enxl>v4]hU|?1"
rN0LU[Y#8vbM;25"c1/qC*}XH~{I|wAt:&Zn+=!h4E7da\`i]SuloQJFWyje(xk@-?D'p%$R)z.m6,s<_g9B>KOT3fPGV^
?KL+1M7F=wq&36S{-A$`VQ.;l]^Us(z"/[Tv5~ej9RN!>@cX%Yr:I,Dmx'odg\<OW0bhky8Hf#B4p_ZaCPt*i|)JG}nuE2
h*R9?FSVOlCo}4bM#E<K!v"&mHQw%)3`r/Pg|jf8d_a{XpWu6BG7\i:[s=N$.zY1D@q-t>'I+]JAUnk0T2Lc,;exy(~
M7F<gB~?S}qwb+c9Y[,np*e#IWyXm!0&H.{t2Lkr']z`4Tuj1U-AVC"i:J|aGN^OPovd6Z8Q;\Ef()=3lD/x_>KR%$s
Q!jCl3RXsEF+TNh.)b-}ALrYd*S{#xc=J;t,M'gu5"faqV1zP8H4?@U7y:G%_e|Zw^0n/mW$pKo\I(O&Di2k[v~<9]`6
Pj4O&B5'}w<_F29n0~cQ^K%uTz(EIV6>N):R7J1*eif[D,kXH!hl"p\Mg.xov`@+mZs{LCdSA-qW#U3?y$r|;GYb]8=/at
vk@S#}|fDK;(h7P"48TEs6-/&It+'.b5xHzCZ`,ir]*[>\{QX<^~%dUa$2WVm)nRqM1!cYeo0:_yB=OJFlLGj?wpgN3A9
^9ivj:d+y#phBu0kwF$Y;K6W7T{-\@H)=>N&`QJCVc8,bI]m?.~_UnOS/PlA}Rzt<'x*rgoD%4XZae|fE"12[s35G!(Mq
5yA14ZfhF`cPEux~02$]?8XO(q)}*g6sDp+TUw;zKoJliMYHt'[IS7/-er&b.\%B9a|>=kR:"Qn<3,#G@^dm{VvWLjN_
O5R)8J`n-!<VY;u>+1\ZKW]/:U=fTzp2L{MP(Hj^0sqbd?IXGa$&S"@'9|otQihxF,%Bv6Ay#g~w[}ClEcmk.eN4_*r3D7
:goN31b|p#kQZcf;yvUB\@&0i}9/-VO+X$dzl`*n7CFRJ=ED~4s{x(T'^a"MPhm>._GL!KH[?u<qrIjw%W]8)eASY65t,2
.u)A!=RoF2+<Qe>yj/WVd_3?J$%aqwxL:zMS{iEs'(l;*}bY0fhk\6|&mp`t@TK-H14n]#vrUOCPD"~I95gB8^GZNX[7,c
RKdl!S/&w6_;n91,tCj{Y?8v'EB~V+NfJ2<U[TuH5`#Pm"kx}^hZQbr7(o.ie>AF)4p*LI=D:%-O$gs@\Gcq]|XWM3z0
?^P:2vi{@a/7+!Nx9j"r*6X;e&f}(GL83=0oc]zSBnZA>%D|#,wJV<YmKp`F'hbIR$\Tt)Qs~-H[5CU.EWdqk_yMgOl1u4
1d'+#e]G[a="ktp$u7|(mxs3,V^\N}AzYw;q_%r<`S)BKHy!b2jRo@~iLvPC:.WUgX/8Q>0IO{&h-9MJEf5D6FlnZ4cT?*
>LA-9!N=uj&hR/X{$7CoV,nU*8W`?kfY)vBOmQ]}PMT%w53ary_+iJbH<dz;0gGt('s\6x~^ZE#c"ID.K@[1eSF|4q:
;W`sXI'Hq5oG<w\fjY)+Q#AJyxltzcBMvZ>/,e_.rn?u~DRbmiU:a!(&hTL0%O6F{S$-9C^=3[@Vk|d7}E2p"8]NK14*Pg
>pB~`|%^[EGi=Y#$0sflaZ6+Mx5"9K\;/mHPvr8&dj!Fbu(TcLDVA}W-'yqk@gSOz1472nXtw.C:<R),Q3e?NJ*UoI]h
~9P"4#)T;v83?V^|h(DK!RQ5[,<IqfGijO-_UCa`}E=lX:zmkw&g@]$6B07NZ*FAcW1YMJ%.rs\b>'d+etp2L/nx{SuoHy
QpN!w`e#]+.(c$G-to=Zk"KmJM,yB|?;~SD0&5R{Ua[hx:4\giH9jP1_fOzY)^VAv3E6@<8sr*dFn%qLl'I>X/C2Tbu7W}
u>a!m^jF=ZAk8HY1;sMQT_56L"NB*~t.e@O/qDy3]bER(4wghc|+'}f<2[Sd)VW,nIPpJ%0v?:o\-{9#ilzC`&rxKG$
(b)fS246Iyr>mZ~|u*zD]goV3QYLp?0qaiAW+@eKnGX5d79TBxt;_jF%lc81}'H[$"s-U&kvhMP:J#C{.ERNOw/!\=^`,<
+}Kjm{q<W|[;-_w,RgGT]Huk5ybY^2p@*Sv'~:`dlJD8VPBC.1/Z=>A?%s7Q"L\E0fFMihc)azn3&I4XoO!$t9re(U#
n!2,0B;e=MY9SzTxKp&~Iy"5<Ei$\{](}31`)FC+g>wUh%t./:Q_Vj^@Z#P6-v*'qOlfLmbscR?JHrkWd|u47AGXNDa8o[
:Z1i9$tH<4!=]Xd#0n",&5p(GoR2/E;7c6*vg'kW+qFYOw~.u>@CI8Tsa)PK{V`AN3el_\LxQS|Dm-[bBr%j}yzM^fJ?Uh
[7\;EF1/:*yJOpoQeh+'`T65!@dBUC8HfY0mvsAq{LK4jXu<.3%)~t=Wr^}V_]ga|2Z$Ic&x>b#-kSNPG?9ln"zD(,iwMR
M;cFhaK9>-r_oBn*wV=6u.\At2Q3)#/kp:J!q%~}G$["yYO]fPSI0L(?lxmd5e,ZzET'gHWji4&<@8DCv{s7N1|b+`XRU^
xBes54M{!~rL["0+Vy8Q;SD-?Y.>N](A}bC^)_RHX19zkFnm#gEU&ac@$*|pK:=qdtl%u<Iwo6Wj'\7JT3v,2G`h/if
gY$<ow^F#I/8O)Q5_H;Z.tlM213cGXx4&-]f!:J"s%hbTS{A9yP(EVjkrmp`qNvz+U}'0RDWnC|a@[B\i>dK?=Le*7u6,~
&+xeN:FISGrX0gHL#iV/8wEYR<}`-p,\?z62bf^T>1t'qAK~Q_B.P[o=v|{u5*!lmka7n)Z@(]h4yjM%DscUCJ"39Od$W;
"8;sb:$YI9q?wK.O^ukL0,jl1v_Z)UD@M(}a|p6N=Vie2mCxzG*`f+y4>d]7rTJSWE!/F{%nX\H5<cA'Ph3[tB#Q-~og&R
6J8H&);j2VA(EWh?aw~0U#BT_>y+zm%*=rGI`,f\xN^1"c'FpPqeKdRXgolLO4Ss<}iQbtv@C5Y[9k$|uD!M]:3n7-/{
yG#6W~f'j@7%_kX:Pvo.UnR],0-/wI|?2T$ErAKpCz<[OiN`=Ftd^Bx89l5Z(a)Me!+*mQJ1hb;s34YSgD"\Vc&qu{>HL}
yNtqHTZ?8cIz[R&QB3ArW,%G+LlD]>Uo=#\7v^dwY`4@1Cpb!{JhX9V-|ePg_F}.5s'/Ox"(6MknK<2m:S$)ijE~*;uf0a
`xz|)k{H:D>/-UO3tFd^(a6;pw\~WJKA[m%}V'&f04er"@qCN.j$u!G=Sy]sT*bQR8M#?Y2oc7,vh<gE1_Z5LIP+iX9lnB
O_PA@$j8{Yfk^|7m5uCGg"zU</biD-r,XBJ3+x2')S*V>q1]?Wo\MaKT:eNd&s`c[9lLvh6ZtF%4R0w.!}#=HQI~;(yp
?t{3O-BEH86eCTd@&$}Z>#awI|sFy5iLcKJNqm+kr`W[RXG0,YbPh1vpVz\D=_^;/47n:j2x*].~S)lQ"!9(goUf'%uAM
.>Q`{Zaozr]Ju%5L:)3*8VIBg7DxM(#v\WS,TU4^hEF/;&}09K2wj"|<l=tb?is$+!RY@qGCp-A6dfmnN_OkHX[c1~y
q<h@rp(Ia8=\bZ*{g4~E[3Dc;'}MKR%U>VGSPi6&xTWvloO,"nz#)dkH]eJFuC+$!9.1_t7Q?Aj`LY:f20m|Bsw^-/XyN5
r?v)sKVLt|k$O`hU3Fl_}EpQ-"j'g@>.*5yd(W!n{[uZ4,xIYaPCz8MSe79G2ic&Tf6oDm\BRb/H+q=]JX;<0wA1~^#:%N
|?b:P3pmzKU\,5ukYB"0D_#wq/c$1MLEonr479tR}'<TI+d2[HANjQZ)a-Xe>v{CiF6O%h~^GW=Sx;V]@`gJ(!.*f8&yls
g=zanQsmkF<$u,V0Ihw`&P}XcA9Y@L|3EMB28-H~1e:olvNi_>bC.\Kjr7)^;{yfW*(xU5[!ZO4+tTDSqd"6GJ#pR%]
2[R|,Fnmj!41I@\se-"%cw>r<}.tu6hXYkM&S;HdP7*vWJZlUEQ8aB_+?LCf(0'pA]iTKz~O^q5yNx`$o{93V)/GD#:g
cg:<|2'wRo*pOkHCe7[Q(M%jKz;qhu~A]d3iZ.mPSxB@+}>GLyN^"6/l$Y`F&!)-VX89aW#b=Inf\T0t{_,sUD1EJ?5
GD}IBR%tmHKVl+Q,1jur6pi!kU\wPZ/~$q0f7zJa)>b<S]3;A^FgNv{("o@?x8EO&M`y#XTcsW-:d|94[*.=2'Y5CLne_
GVkK/:;&yS%a_r-|Zhu4$8,7!jM~{CvF.zJ@fd9>bBnDA?X2x*lcQ3#(e6pR}o=+qO0[Uw"^PENitY`WT)]L'\m5I1<s
3wC=J]WztYI<TZ?kA5-yrL#Q/uajqMP'NXViclF"O{&K9!D7$02B8oS,bg|*.@h[f`6):^x~(\HmU_1v4sG}neERd>;
T[SYNcJtZ;C5^u|2H>K\ndv?pmP:&(z}`/sl)3M{9'+%8w<o=h~eW61*B.IXrxFE"i_k0ya$A]jfLUG,g-q@4b#7QO!DV
:FI9R{_s2Db/[%3*>N5Lf,40j)xHY^\TS6=k"wKmC~tWd#&ouErl<MpQUa(Xvh]!+yZe1?B;z-P$}g'.i8@|V`AcJGq
djRup,BysG-+]T;#l0w(6x`}\zcY&<_fk'qvgI*?H)EZLr!CMJV:m2Q{@.Di7%=9h~PbUot5[|K>^FW$/"aNSe34XOnA81
1_V:R{5iztA%}!H6E.fjY^d?v-r,I|hZbsqLU3OQoDBGem$c7N)~4@g(;W0K['M+=XJ&aSul/T>kF]\Px2#pw9y"8`C<*
/yB8lae_fSM)5@{[!;QYr'd-*7t`x<1:W+I$GUZ&zOENsX]9nTJKP^k\i2=3|0C,}6>g4Vo#p%bLjAmRHc(?DFwq"~.
97{Ic#LS.+N-4oMXxKO15jJ>Hpeg|Uq8uzia&V0*hw@2)sGBCW6(Z?vr}%lQ]tb:k$A[_D~`,"R\'Y;!3ymPF=T<^dn
#~W>;-EK/qMB3var$)s2\[]lucbDYZ%T_O<gt}m|&@zJ?o^IkdP9y+`4",CfAVSp65H.wX1=n:jx8Q*UeF'N7h({GL0i
-A>pjB$!@E?%8*bLHfvI<FaTGlo\Xhe{qk~+s/zJu:ig4n1K";0V=,OMrC`67'^xZ5WScY]3yRN_}tQ#)D2P(w.d9&U[|m
kO`~B?;3z|L0HG8)4v=[&lNeU<_+c5*2PjK>.(\%'iCt{arX-7h}YqSVbR!nusMAQZ1y$p/,WIwD]F"o6fJ^d#9mg@TE
'1T.=Crfh$G9;a&J%}w{gxqPk*7>8nmW/z`u|D,EX#bt36URNiIF[dM]OKj@svl<0LA5"2p?ocB_e(\ZYSH!~+4y-^)VQ:
md!{WV0DZRo>\&@Qz?+nvHi}X1AxT6uS/Mc;[sljb"w,%(gKk^#G3~8.JBty'f|Oqa9e<h*=:r$FUE2L7`5P_]CN-)Ip4
M(`Eo2d9TQ-]j_{#a.$i!w\^A&GY5Lz4FU3<"kBgSqcfPZnK7'bex~8=1X:uCW@h>N?,Dr*6Rm)|+[/JVtsyOl};HpI%v0
+3n!`/vWk*7r$hML('d"tb#5CK[lG|H=,Q?TF{O@cf]BVs8e0zP%q4yNa&Y29.u;>}g<-\_E1AjJ)~pxUI:X^SoiDw6RZ
Gd~#}aU1Y|2q\p)zl{%tPwEHy?CIf@8'k>SoQ]u*!<"_T-rxnF,:^=43JiLV[.;7sXZOv5$Kb/BDAM(Rm`&+W96N0gche
G`?S1tx|M@nQB*[V$v9)o/N%~yJD\he#WgumH"(=5q!ZzOc{i>3T2A48,LCa_UdklwE;-Ffj0:6.&]PpKX7bY}R^s<+'rI
W3i5486T\(+jEr1H2`!R&y>fxde|@Yw}SpJbBcC9.GskO~u{h_N:V=mL^0-?'onqDvF]7aKAPI/Qz$glM*,#%X<[Zt);
l&.V^UyoEm!D;46r5jR*2p]~:BT'tZ\)+bOHk#hM0cN}nQ$I=[su9X>L,fJ?Ax{7C81q-(vFdwG|ae`"iSg%YW_3@/P
Lm'7/2:zd.[03T#U]J&h9n?EFD8g"%{OXyC$o_(wWAMui@}+c~rVIGQHv56K\SBsalqZb`RpP=t<;,j-!1xY4k>*Nf|
2=C(3q_tfF}|Da)7@VW8:vQ0yg%LuN-wMOA&pb$\rs^KSJ6z1#5TGknEo`d,+j[ieUl~]!x{H?9>mYhRZPXB;<'*.c/
&[t`y<C?_7+lm*:qK|cxb6IA,.#wZ}Us2aWHEFRLoD$pg(3JrV]hQ%O'~5e=X1-;>u)MkS@N\4^/{!"B9djinfPTz08GYv
\r697EvQnM[duH0blK|]#^mNYhw_<}8J&"o`Sqp=C.RZ1DP)U'XGaLO${W4e,z2I/xTf5istF~c+-;g!:(V?B>%kjy@*A3
rn4K+uq{ZM1I_V5/-O}[,hSBwip:yPxt7sLE<R9l)3*mC.dgk!(6Uj$A"`H;Y>=cT#2%'8QWfe&z@o^\|0bF]aXD?NvJG~
Gg:[}e46munO*,L!WvPwp)>qyX{iISdzYjo+0<ch'%"]QEK=JfVR|UZ;1\FDM`&TCBH-.?@/s7t_~8Nk5(x2rl#b3A^9
Fj923|1oMcy#E)[?.~>@8Qu:*Pbz-l6+%sSda(h<mO"J]nGrk$I/H=qUL`K4eDwp&}CgvT^X,\B;0tYxi_VfR!Z'{7WN
|"7Hy8&wv:>P-M.zxXq9%54VdZ{Y<Ab)UNgF0th}JG+3,B_s@lLIuQS!1=#Ea]R$6fc;?^`Di(/W\p~kmjnre2oTOKC*['
D&YLzRf^Aj.XI's|NG4h8#,k/oxa=mb(<:CuK`lE1ngQVw3-e~6*$O)5S]0i!T};{vFBd>+"2ZcH7?pU@tMW\ry%9q_[JP
T1nI8cfqRKE`g^6hkY&b-mUJoN[yd+pi9Dr.':j4W(P@Hl_F}VOe$2?{,;wBAx7<uC|M0/zs]L~"ZSXvGa%5)3t!\Q*#=>
]&NaT!R2m4t-~B^OsGi;p[FUJAoxHuf.{8I7e1,`*v3hw+(Y$#>/5k}<':Pc|rnKE@lXzW\)9_b=6MCLjd?Sgy"%0Vq
(ySI/0r9|*51NPUaG=%,t;n-ue_vX~C.FW"d&<oJ]+8}q?ORmbAT>'j46spl@YDE$:[3w^kKVL7MfZQ2i{Hxz#\`)!g
`&w9?O^,1g'>#8;F0%r{nc2xVQe"b5LiT(JEN3sf-@Ad~\WUo]mZSM[}Y:XatRDlKhG4v$CB|u6H+q!=k*PzI)./jp7_<y
zfKwAD)bU3H:[&1oF>(iCypse@L5Z.dXuI0q9%nJ/`|\hrNj}<-+g'6t^MScRY"8W!QkVm?]O=;a~_TBvG$P*2{,lE#4
-ej"X{#KoxS3UW;m%Yib,Fp@CTaBvZ0M4$y)E/71rd.2n~t*(O'JsD^A?kV[fl+R`8zI&w>|_c}N\Q:<!hG6uqH5L=g]9P
W_TE>#FA/x.?Iwv6zypYt!si@9Pjr5{uS$b4D=M~7c&VQC0|L-:g8e,;K<fkBZ[%qh'N+XU}mRH`"J1l2O^d(\anGo*3])
,hF$:gCqN^4;j@J?ZO=RDz#o9s8.7d&3IvHL-*W(1!M}a~]kTcr>|xQ0be[t`52Yn/{y)V6KS\mP+p<fw%GXilAEu_U
x%Z^.=K}@Mi&H>ThOVD,\9#2RCN|nq$8"['0Fljav;g*P{6-cB53<+Yr?GSos]7py`WUmu/4d(E!A~bL1zXk)JtfIw:_e
,T6~xB}Xp:_C?`2FWE=v*307j8.A&'>hePz!Ow9J+1fqgsYy%n^HotlSDurLGMUN)5m(V;\ab@"|/c4Ri#ZQ[dI{k-K
>/?m~gW=R5M<T:F+'EXO\lhQD%Z8^$I[x1P&V2C;yrjH}@n`3Scsq.(0*AbJw74t-#au,i9N)fY_6dGpv"z!]BUkLo|K{e
}p~Cz!dT4;W(c='[$_`RXx{A3myjlG>I<7a/VU#f\)no"s%t:q1KvJ6?]r^*Q-uDH8B&iZF+|S9.ew5Ph@L2kgEMYbNO,0
gr|L7BHPCRqVc'Ev[X\uG$De59*=_j.,;/M>Jp(Uzk`n&d)@AyiTQ2O?NZ%:t1S{K#I6Y+~8!h3sFl0w4o<^"Wxbfa-]m}
68FA]N2*9pQvwr'gLW(H1dhM}!I[0EVy+x.mBtjoP:&{"a$3C^S>U=@Y74GXqfcn/sb;eKDiT,5k\O#Ju_`<ZR)|z?-%
+jsRSiW3#YuJL}`IM.6OC8tK=5G\V-QX1qgvy^|;7UhB0z,frNwEd[DT?$m)"{4kb_p%>9F<co:PA!/e(l~@]a*HxZ&
nRtQ<IWZ?e41oU@umAv$N8!bP{HE>XDqyYk6l3iBd%}&"~=M2V[T`^;w+\)psc9O'-S|aL5hG7z(*:Ff_#JK./r,j0gCx]
{1)}mo0^i@,:Nq&L]eh_V[pHx=cFX\UgWa.4l!/A"My;|>kwG3`TvKD%nu8R~tSEbs(d*JZPY5j7Czf$'2-?+Q#OIr<B69
noF!E5h;z?-]'w`"av[VC3Wmx.MtrJ)/OyYZ:g@}A8&|TB+%dk0G^pNc4Sjq9#1eH*2<(\RD>$lX6iU=_~LIfsbP7{,KuQ
'T<*O~21ex[ZY5R.gkVd$sa>SJq!_&ry{EjLf6tM`KDAc,QoN%n-\#:/P+}v=?4U(z;HWFhBu9XG")8|IC^]07l3@pbmw
%J)&Cwf~!"mW3N+8(BTG$Y{l9Ey5e^vR4>_<hPI}g0|-u*Ak.;/OdiUQq't:Xca@M7bpzL[1]`\=6Vr,?Zns2F#KxSD
6fP];O~`q9/0%sr"o_{3N(8>.lSLgb4u=cmeXD$2jvRKI:'U[TnpZ+)}t^Y\@C,kFiBzxwGJ-&5EVh!W?1dAQa#7|M*y<H
VLjr_{nbgQX|"DP#kf=1[v@7>CwH]-xe~td+(R&0Gys?62$Mi8aqcU4m%hE)^ON`uKIl'WAz:Zp,<*;YF}\TJB5S/9o.3
D|V\1M(b`=,p<G[u~T+"3Or!PZzW?R$I>lyY_FQ%.{)g;sKENX'q^2Umiev&H@:At0kc4n9wChd}L-B8]fJ*#6o/jSax57
VKQpl2$TcH{J7wN/-=AekOW%B[|MvELdz!yXfuiY5o*P):.j4?>6}8S9"b3\IrR@a#&FC`qUm]g<0n'_(~D+s;t,xZh1G^
3;A^o9$_!7(~jcm.?atBuZ-*JsMI2Y"N4Vn@/\r6fz}Op[wqv0e'HxXd,P)l1:|U<R5S#]CL+QkbF%W{KDEyT`>&8h=iGg
"4G>@s5vPbVkz7'N}m8/RK<-l{9DWfexJ)=w,HT1%tMo.2S^&i$IcOngauE[q\#pQAXrhj0~CBY:F!;36UL*]y?+dZ|_(`
ry+PL!f@x"cv%9*UTBVd.Epk~3[u)2w0O?zaS5&4:(D}F/#<t|lnRIs1-GjC`WZ8;\,q'obi6{Yg_A7]HmKQhNJ^X=>
f-z5Qhe]o#$Dy:pY`^'*<Ol0|8XCL/c>,!~_PV[K1n7t(M\SWRBGijNH2EvmJk3=AZs&TIg}ra9U4{w"F;q6@%.+bud)?x
`[4V&u{p+\Ecb10KkCFqPZ=T3rX.*z?JD5<g)%'/mt!sH;f-U$Son(>6,|NAG^xRMy9w@e~I8hO7l:#]j2dQYLaW}"v_iB
DmvK^+B*cJ`#xsQ"XSaljMg|Uo]q2Z&INn.OTL,()8[G'Vz?p4h=HPw~9;@u:!0<C-/>$}6ifkAYEre5_%tRy3dW1F{\b
c;Tu2g[*],k_5BIA')(m+W^\%3`V74Un$Xt~HSfi=sjRo0/lv:Fe{C8"G}Jz-xhr<.NK1w>9q6#Q?MZ@p&yED!|LabO
