4
13
15
20
8150
7972
7649
6223
7366
9709
8760
7723
6557
8815
9013
6345
8516
9892
6657
7932
9389
9396
7311
7884
9048
7310
6483
9261
7196
6322
7091
9496
8681
9076
8225
9945
9845
7302
7966
6989
7911
6695
7003
10084
7292
8390
6636
9902
8520
10090
7738
9195
9259
8833
9481
9313
7666
8712
9149
6553
7684
8571
9217
6323
8139
6502
6739
6717
6834
10130
8535
9237
9388
8182
7439
8201
9518
7242
6683
6903
8591
8174
8797
9950
10124
7703
7310
8072
8934
7301
7634
7998
9073
8025
8671
6935
7381
9387
7814
6312
7170
10121
6898
6269
7315
7691
6289
6733
9473
6533
8148
8161
9663
6978
8264
9721
6440
8182
6706
8176
6664
7216
9844
6284
8541
7751
9151
8163
6173
10305
7081
6137
7472
9166
7804
6307
6672
8797
6351
6378
6142
7754
8258
6932
6960
6483
6629
8053
6872
7603
8494
9296
7298
7717
9333
7112
9754
6143
9212
6964
6862
9990
9159
7970
9362
8775
7810
9873
9589
7620
8462
9573
7429
6275
8747
7004
9814
9792
6697
9067
10138
7377
6451
8752
8500
9547
6357
7428
8884
8943
7365
8572
9482
9330
7959
6316
9894
8782
9360
9738
7005
8343
10114
7721
