Case #1: 1
Case #2: IMPOSSIBLE
Case #3: IMPOSSIBLE
Case #4: 1 2 3
Case #5: IMPOSSIBLE
Case #6: 2 1 7 4 5 3 6 10 12 8 9 11 13 14 15
Case #7: 1 2 7 8 9 10 11 12 13 14 15 16 3 17 4 18 5 19 6
Case #8: 1 2 3 5 10 11 12 15 16 17 19 4 6 7 8 9 13 14 18 20
Case #9: 1 2 3 4 5
Case #10: 20 19 18 17 4 3 2 1 12 10 9 8 7 6 5 11 14 13 15 16
Case #11: 1 2 3 4 5
Case #12: 1 3 5 4 8 2 7 9 11 6 10 12 15 13 14 16 17 18 19 20
Case #13: IMPOSSIBLE
Case #14: 2 1 4 3
Case #15: IMPOSSIBLE
Case #16: IMPOSSIBLE
Case #17: 2 1
Case #18: IMPOSSIBLE
Case #19: 5 14 3 1 9 6 11 13 15 2 7 16 4 8 10 18 17 12 19 20
Case #20: IMPOSSIBLE
Case #21: 1 2 3 4 5 6 8 9 7
Case #22: 1
Case #23: IMPOSSIBLE
Case #24: 1 2 3 6 8 7 4 5 9 10
Case #25: 1 2 3 4 5 6 7 8 9 10 11 12 13 14 15
