abduco
aestivus
avaritia
audacter
apud
Aldenard
agnosco
abduco
aliquid
adeo
affectus
amissio
argumentum
ancilla
aurissiodorenses
acies
adversus
articulus
abduco
alioquin
adversus
Affligeniensis
ancilla
amplexus
admoneo
altus
alter
aliquando
aliquantum
alienus
animus
Avesniis
accendo
ager
accerso
audacter
aptus
affectus
amissio
audacter
aqua
aliud
adeo
amissio
aiun
aliquando
Atrebatum
adaugeo
absconditus
accusator
articulus
amaritudo
annus
adinventitias
appareo
audacter
appropinquo
assentator
arceo
adinventitias
adeo
abeo
accendo
aequus
adinventitias
articulus
admonitio
avaritia
audacter
ara
angustus
absconditus
amplitudo
animadverto
angelus
adultus
adsuesco
animus
atrox
adversus
absconditus
alienus
admoneo
allatus
adflicto
estivus
adsuesco
acervus
antiquus
astrum
acervus
accendo
attero
adulescens
