36
14
15
6
100
4207179
6838349
2679673
4781677
4543065
2545679
3468347
1724801
2917166
5728109
3498438
5097208
4133069
5618454
3633625
3560517
3206976
4127608
2525938
3914601
2674022
3026211
4307802
7045927
3310731
5345422
6103859
3329349
3756315
3819570
1637740
5128717
4257744
4094749
3110585
2785342
2069246
4496120
4921600
6427804
1802791
2952861
3375347
2480089
3607021
5155496
4781291
2554781
8039096
3956712
3486216
2204612
4504131
3628685
4534670
5149596
2481613
4313089
6877599
2282290
3820479
1928539
4080277
7630607
2032578
4449451
3534912
8171189
4169582
2681211
5089079
3562672
5096053
3168028
4543333
5051831
2671557
2743477
3129883
3718658
2867373
3065129
4204307
2455179
6116797
2372614
3621061
5121673
5049205
3347013
3373241
3824329
3446473
3323991
4517219
1471300
3538673
5638344
3650419
4713188
5611736
3972442
2794215
4431831
5116551
4773809
3045551
3959716
5356952
3513040
5007216
3714335
4570826
4297404
1282680
4409220
2136305
4686522
4220916
4874650
3664566
3179091
4167867
2996170
5801204
4107236
3587848
3244966
4825023
4854698
4131731
4069753
3052874
3877981
4126677
3862976
6646002
4179066
4323327
5214495
4238579
2004210
4274774
3070198
3908524
6738311
4466399
5120476
3196646
2922730
5167379
3557624
4351851
3052754
3694921
7242826
4517426
5229006
3703004
2290754
4726220
2131696
4722024
7609276
3598929
7421678
3390733
2967649
4166080
3204676
5646552
5183438
2644091
5459922
3405559
5011585
3409355
6637347
7460580
3684843
3448601
3081002
4602163
4622250
3310148
4306456
4116755
1080228
4151335
3293013
3374840
318168
4427342
2914946
3073279
4054054
3065809
4272660
3164568
3744105
5201481
4053589
3631394
4133589
2894482
4260947
7404550
2111487
2573725
5106851
3895368
3360075
3358327
6092638
1775537
3144324
3133305
3365398
3197512
3502654
2502328
3929948
4201750
4314005
3818777
4971197
5441419
3429289
2459202
3582672
4345876
3459412
2359560
5872496
3301027
4728777
2498538
5407392
4674251
3552858
4359278
6127782
3157109
3293426
3576480
4159302
4405084
3261331
2772816
4332932
3694229
3942345
2730947
2429437
4068073
2136528
4591533
6265995
5604316
3385010
5984533
3054355
4246421
1268766
3805098
6356870
8731058
3031230
3276457
5298875
2183620
7161082
1952128
5058424
4681075
6105937
1716605
2910041
2171914
3369283
3603282
6263884
2391392
2699735
2649303
3759692
3694970
2667840
5873732
2920205
2221150
2973381
6327078
5527671
3278750
4462072
5465300
3854781
3507866
4081737
4777886
3285637
3987843
4816997
4533093
2894187
2809871
3093533
5058235
5577631
5262035
5963192
4260452
2719606
3203936
4178884
4075352
3105047
3330899
6661698
3612977
3358793
4879272
3949967
1973174
3953599
4419422
4789991
4415773
3444396
6586520
5007171
4954167
3777879
4217398
1880055
6301876
3371972
2959318
4586763
6054323
6162604
5152408
2508177
5541450
3302509
3750615
4153314
4097887
2980177
2355592
4081686
3374942
1291671
4278157
7010540
5561464
4328686
2833164
2767856
2904328
4165365
2427268
3448116
5079349
3777969
5985185
2267867
3225321
3084925
4245671
6788467
4638690
4556241
4291206
3413136
2415493
2948252
4295765
1373959
4809296
4118365
3566334
4563654
4638237
3647422
2047575
5304469
6069237
3483624
3262757
5701276
3911254
4357466
6329886
3308806
4005699
5325901
2996200
3508688
2655163
3451271
4336406
1525446
2900359
2445473
3610126
1997746
2825318
3793282
3138604
4032399
2856324
3847967
6689271
6446278
3515613
4885297
2975486
3414798
4832669
3907978
1623143
6023400
2991087
4063428
4384762
4434469
3032166
3448294
4358627
1662454
3831257
5405324
4682960
3565234
4694354
4560824
4757942
4156475
1748457
6303576
4866964
3082102
4673784
4863250
4559327
4886635
2432939
3770261
3804366
4696698
3337276
5477272
5983138
4213038
2379268
1980870
3023119
3574930
2656992
2862396
3887311
2976910
3715186
1649082
4649478
3014554
4655891
4664040
963168
5039777
7606594
3135587
5900410
3234064
2534250
4582870
3492136
4946631
5103187
4239675
6571866
3095685
4033168
3218523
3961153
3619260
2586907
3386953
2710815
2964152
2941568
2307466
4748729
