Case #1:
223334556788
233445678888
223466777778
223345556778
223445677788
222233456788
222223456778
222233456778
233344555688
223334567778
222334567778
222345677778
223334566778
223345555678
222223345678
223455556778
222334555678
223334567778
222234567778
223445677788
223334568888
222334556778
222334567778
223456666788
223445556788
233345566788
222223456788
233455667888
222333455678
222223456778
223345667788
233334555678
222233456678
223344555678
223345556778
222333456678
223445677778
223345667788
223345567888
222234566778
233555677788
222345566778
223456667888
223334566678
222223345678
222233455678
222333456788
244555577888
222334566788
223455677778
222345666788
223344567788
223334556778
223445677888
222234567778
223345556778
234555677788
223456788888
223333456778
223345677778
233344556778
223345567888
222334556678
222334567778
234455677888
222334555678
222333455678
223334555678
233445556778
222233456678
222233456678
222334567778
222223445678
223455677778
223445677778
223445567788
223445555678
222223456678
222333456778
223345667888
233556667778
223455677778
334456677788
223345556778
222223456788
222333456778
222333455678
233333456678
223345555678
223345666788
223455567788
222233456678
222345666788
222234555678
222334567888
222233455678
222234556778
223344567888
222234556778
222333456678
234557777888
223445677778
223345667788
222233345678
222223455678
233335555568
222234556778
233345567778
233445677888
223445567778
